Started GET "/" for 127.0.0.1 at 2017-08-16 10:38:45 +0530
Processing by Rails::WelcomeController#index as HTML
  Rendering /Users/kduraisamy/.rvm/gems/ruby-2.4.1@fin-tech/gems/railties-5.1.3/lib/rails/templates/rails/welcome/index.html.erb
  Rendered /Users/kduraisamy/.rvm/gems/ruby-2.4.1@fin-tech/gems/railties-5.1.3/lib/rails/templates/rails/welcome/index.html.erb (2.5ms)
Completed 200 OK in 109ms (Views: 5.9ms)


Started GET "/" for 127.0.0.1 at 2017-08-16 11:18:01 +0530
Processing by Rails::WelcomeController#index as HTML
  Rendering /Users/kduraisamy/.rvm/gems/ruby-2.4.1@fin-tech/gems/railties-5.1.3/lib/rails/templates/rails/welcome/index.html.erb
  Rendered /Users/kduraisamy/.rvm/gems/ruby-2.4.1@fin-tech/gems/railties-5.1.3/lib/rails/templates/rails/welcome/index.html.erb (5.0ms)
Completed 200 OK in 199ms (Views: 25.7ms)


Started GET "/" for 127.0.0.1 at 2017-08-16 11:21:12 +0530
Processing by HomeController#index as HTML
  Rendering home/index.html.haml within layouts/application
  Rendered home/index.html.haml within layouts/application (7.8ms)
Completed 200 OK in 764ms (Views: 634.5ms)


Started GET "/" for 127.0.0.1 at 2017-08-16 11:28:36 +0530
Processing by HomeController#index as HTML
  Rendering home/index.html.haml within layouts/application
  Rendered home/index.html.haml within layouts/application (6.4ms)
Completed 200 OK in 1903ms (Views: 1713.6ms)


Started GET "/" for 127.0.0.1 at 2017-08-16 11:28:46 +0530
Processing by HomeController#index as HTML
  Rendering home/index.html.haml within layouts/application
  Rendered home/index.html.haml within layouts/application (2.8ms)
Completed 200 OK in 24ms (Views: 22.6ms)


Started GET "/" for 127.0.0.1 at 2017-08-16 11:29:33 +0530
Processing by HomeController#index as HTML
  Rendering home/index.html.haml within layouts/application
  Rendered home/index.html.haml within layouts/application (6.2ms)
Completed 200 OK in 457ms (Views: 274.6ms)


Started GET "/" for 127.0.0.1 at 2017-08-16 11:40:30 +0530
Processing by HomeController#index as HTML
  Rendering home/index.html.haml within layouts/application
  Rendered home/index.html.haml within layouts/application (5.9ms)
Completed 200 OK in 451ms (Views: 280.7ms)


Started GET "/" for 127.0.0.1 at 2017-08-16 11:42:40 +0530
Processing by HomeController#index as HTML
  Rendering home/index.html.haml within layouts/application
  Rendered home/index.html.haml within layouts/application (5.9ms)
Completed 200 OK in 2087ms (Views: 1916.3ms)


Started GET "/" for 127.0.0.1 at 2017-08-16 11:44:25 +0530
Processing by HomeController#index as HTML
  Rendering home/index.html.haml within layouts/application
  Rendered home/index.html.haml within layouts/application (6.0ms)
Completed 500 Internal Server Error in 205ms



Sprockets::FileNotFound - couldn't find file 'jquery' with type 'application/javascript'
Checked in these paths: 
  /Users/kduraisamy/Work/personal_work/fin-tech/app/assets/config
  /Users/kduraisamy/Work/personal_work/fin-tech/app/assets/images
  /Users/kduraisamy/Work/personal_work/fin-tech/app/assets/javascripts
  /Users/kduraisamy/Work/personal_work/fin-tech/app/assets/stylesheets
  /Users/kduraisamy/.rvm/gems/ruby-2.4.1@fin-tech/gems/jquery-ui-rails-6.0.1/app/assets/images
  /Users/kduraisamy/.rvm/gems/ruby-2.4.1@fin-tech/gems/jquery-ui-rails-6.0.1/app/assets/javascripts
  /Users/kduraisamy/.rvm/gems/ruby-2.4.1@fin-tech/gems/jquery-ui-rails-6.0.1/app/assets/stylesheets
  /Users/kduraisamy/.rvm/gems/ruby-2.4.1@fin-tech/gems/underscore-rails-1.8.3/vendor/assets/javascripts
  /Users/kduraisamy/.rvm/gems/ruby-2.4.1@fin-tech/gems/font-awesome-rails-4.7.0.2/app/assets/fonts
  /Users/kduraisamy/.rvm/gems/ruby-2.4.1@fin-tech/gems/font-awesome-rails-4.7.0.2/app/assets/stylesheets
  /Users/kduraisamy/.rvm/gems/ruby-2.4.1@fin-tech/gems/coffee-rails-4.2.2/lib/assets/javascripts
  /Users/kduraisamy/.rvm/gems/ruby-2.4.1@fin-tech/gems/actioncable-5.1.3/lib/assets/compiled
  /Users/kduraisamy/.rvm/gems/ruby-2.4.1@fin-tech/gems/actionview-5.1.3/lib/assets/compiled
  /Users/kduraisamy/.rvm/gems/ruby-2.4.1@fin-tech/gems/turbolinks-source-5.0.3/lib/assets/javascripts
  /Users/kduraisamy/Work/personal_work/fin-tech/node_modules
  /Users/kduraisamy/.rvm/gems/ruby-2.4.1@fin-tech/gems/bootstrap-sass-3.3.7/assets/stylesheets
  /Users/kduraisamy/.rvm/gems/ruby-2.4.1@fin-tech/gems/bootstrap-sass-3.3.7/assets/javascripts
  /Users/kduraisamy/.rvm/gems/ruby-2.4.1@fin-tech/gems/bootstrap-sass-3.3.7/assets/fonts
  /Users/kduraisamy/.rvm/gems/ruby-2.4.1@fin-tech/gems/bootstrap-sass-3.3.7/assets/images:
  app/assets/javascripts/application.js:14:in `'
  sprockets (3.7.1) lib/sprockets/resolve.rb:65:in `resolve!'
  sprockets (3.7.1) lib/sprockets/directive_processor.rb:399:in `resolve'
  sprockets (3.7.1) lib/sprockets/directive_processor.rb:207:in `process_require_directive'
  sprockets (3.7.1) lib/sprockets/directive_processor.rb:180:in `block in process_directives'
  sprockets (3.7.1) lib/sprockets/directive_processor.rb:178:in `each'
  sprockets (3.7.1) lib/sprockets/directive_processor.rb:178:in `process_directives'
  sprockets (3.7.1) lib/sprockets/directive_processor.rb:83:in `_call'
  sprockets (3.7.1) lib/sprockets/directive_processor.rb:68:in `call'
  sprockets (3.7.1) lib/sprockets/processor_utils.rb:75:in `call_processor'
  sprockets (3.7.1) lib/sprockets/processor_utils.rb:57:in `block in call_processors'
  sprockets (3.7.1) lib/sprockets/processor_utils.rb:56:in `reverse_each'
  sprockets (3.7.1) lib/sprockets/processor_utils.rb:56:in `call_processors'
  sprockets (3.7.1) lib/sprockets/loader.rb:134:in `load_from_unloaded'
  sprockets (3.7.1) lib/sprockets/loader.rb:60:in `block in load'
  sprockets (3.7.1) lib/sprockets/loader.rb:317:in `fetch_asset_from_dependency_cache'
  sprockets (3.7.1) lib/sprockets/loader.rb:44:in `load'
  sprockets (3.7.1) lib/sprockets/cached_environment.rb:20:in `block in initialize'
  sprockets (3.7.1) lib/sprockets/cached_environment.rb:47:in `load'
  sprockets (3.7.1) lib/sprockets/bundle.rb:23:in `block in call'
  sprockets (3.7.1) lib/sprockets/utils.rb:200:in `dfs'
  sprockets (3.7.1) lib/sprockets/bundle.rb:24:in `call'
  sprockets (3.7.1) lib/sprockets/processor_utils.rb:75:in `call_processor'
  sprockets (3.7.1) lib/sprockets/processor_utils.rb:57:in `block in call_processors'
  sprockets (3.7.1) lib/sprockets/processor_utils.rb:56:in `reverse_each'
  sprockets (3.7.1) lib/sprockets/processor_utils.rb:56:in `call_processors'
  sprockets (3.7.1) lib/sprockets/loader.rb:134:in `load_from_unloaded'
  sprockets (3.7.1) lib/sprockets/loader.rb:60:in `block in load'
  sprockets (3.7.1) lib/sprockets/loader.rb:317:in `fetch_asset_from_dependency_cache'
  sprockets (3.7.1) lib/sprockets/loader.rb:44:in `load'
  sprockets (3.7.1) lib/sprockets/cached_environment.rb:20:in `block in initialize'
  sprockets (3.7.1) lib/sprockets/cached_environment.rb:47:in `load'
  sprockets (3.7.1) lib/sprockets/base.rb:66:in `find_asset'
  sprockets (3.7.1) lib/sprockets/base.rb:73:in `find_all_linked_assets'
  sprockets (3.7.1) lib/sprockets/manifest.rb:142:in `block in find'
  sprockets (3.7.1) lib/sprockets/legacy.rb:114:in `block (2 levels) in logical_paths'
  sprockets (3.7.1) lib/sprockets/path_utils.rb:228:in `block in stat_tree'
  sprockets (3.7.1) lib/sprockets/path_utils.rb:212:in `block in stat_directory'
  sprockets (3.7.1) lib/sprockets/path_utils.rb:209:in `each'
  sprockets (3.7.1) lib/sprockets/path_utils.rb:209:in `stat_directory'
  sprockets (3.7.1) lib/sprockets/path_utils.rb:227:in `stat_tree'
  sprockets (3.7.1) lib/sprockets/legacy.rb:105:in `each'
  sprockets (3.7.1) lib/sprockets/legacy.rb:105:in `block in logical_paths'
  sprockets (3.7.1) lib/sprockets/legacy.rb:104:in `each'
  sprockets (3.7.1) lib/sprockets/legacy.rb:104:in `logical_paths'
  sprockets (3.7.1) lib/sprockets/manifest.rb:140:in `find'
  sprockets-rails (3.2.0) lib/sprockets/railtie.rb:50:in `each'
  sprockets-rails (3.2.0) lib/sprockets/railtie.rb:50:in `map'
  sprockets-rails (3.2.0) lib/sprockets/railtie.rb:50:in `precompiled_assets'
  sprockets-rails (3.2.0) lib/sprockets/railtie.rb:35:in `asset_precompiled?'
  sprockets-rails (3.2.0) lib/sprockets/railtie.rb:251:in `block (3 levels) in <class:Railtie>'
  sprockets-rails (3.2.0) lib/sprockets/rails/helper.rb:359:in `precompiled?'
  sprockets-rails (3.2.0) lib/sprockets/rails/helper.rb:363:in `raise_unless_precompiled_asset'
  sprockets-rails (3.2.0) lib/sprockets/rails/helper.rb:348:in `find_debug_asset'
  sprockets-rails (3.2.0) lib/sprockets/rails/helper.rb:229:in `block in lookup_debug_asset'
  sprockets-rails (3.2.0) lib/sprockets/rails/helper.rb:242:in `block in resolve_asset'
  sprockets-rails (3.2.0) lib/sprockets/rails/helper.rb:241:in `each'
  sprockets-rails (3.2.0) lib/sprockets/rails/helper.rb:241:in `detect'
  sprockets-rails (3.2.0) lib/sprockets/rails/helper.rb:241:in `resolve_asset'
  sprockets-rails (3.2.0) lib/sprockets/rails/helper.rb:228:in `lookup_debug_asset'
  sprockets-rails (3.2.0) lib/sprockets/rails/helper.rb:170:in `block in stylesheet_link_tag'
  sprockets-rails (3.2.0) lib/sprockets/rails/helper.rb:169:in `map'
  sprockets-rails (3.2.0) lib/sprockets/rails/helper.rb:169:in `stylesheet_link_tag'
  app/views/layouts/application.html.haml:7:in `_app_views_layouts_application_html_haml__3666345911281353782_70093580151440'
  actionview (5.1.3) lib/action_view/template.rb:157:in `block in render'
  activesupport (5.1.3) lib/active_support/notifications.rb:168:in `instrument'
  actionview (5.1.3) lib/action_view/template.rb:352:in `instrument_render_template'
  actionview (5.1.3) lib/action_view/template.rb:155:in `render'
  actionview (5.1.3) lib/action_view/renderer/template_renderer.rb:64:in `render_with_layout'
  actionview (5.1.3) lib/action_view/renderer/template_renderer.rb:50:in `render_template'
  actionview (5.1.3) lib/action_view/renderer/template_renderer.rb:14:in `render'
  actionview (5.1.3) lib/action_view/renderer/renderer.rb:42:in `render_template'
  actionview (5.1.3) lib/action_view/renderer/renderer.rb:23:in `render'
  actionview (5.1.3) lib/action_view/rendering.rb:103:in `_render_template'
  actionpack (5.1.3) lib/action_controller/metal/streaming.rb:217:in `_render_template'
  actionview (5.1.3) lib/action_view/rendering.rb:83:in `render_to_body'
  actionpack (5.1.3) lib/action_controller/metal/rendering.rb:52:in `render_to_body'
  actionpack (5.1.3) lib/action_controller/metal/renderers.rb:141:in `render_to_body'
  actionpack (5.1.3) lib/abstract_controller/rendering.rb:24:in `render'
  actionpack (5.1.3) lib/action_controller/metal/rendering.rb:36:in `render'
  actionpack (5.1.3) lib/action_controller/metal/instrumentation.rb:44:in `block (2 levels) in render'
  activesupport (5.1.3) lib/active_support/core_ext/benchmark.rb:12:in `block in ms'
  /Users/kduraisamy/.rvm/rubies/ruby-2.4.1/lib/ruby/2.4.0/benchmark.rb:308:in `realtime'
  activesupport (5.1.3) lib/active_support/core_ext/benchmark.rb:12:in `ms'
  actionpack (5.1.3) lib/action_controller/metal/instrumentation.rb:44:in `block in render'
  actionpack (5.1.3) lib/action_controller/metal/instrumentation.rb:87:in `cleanup_view_runtime'
  activerecord (5.1.3) lib/active_record/railties/controller_runtime.rb:34:in `cleanup_view_runtime'
  actionpack (5.1.3) lib/action_controller/metal/instrumentation.rb:43:in `render'
  actionpack (5.1.3) lib/action_controller/metal/implicit_render.rb:33:in `default_render'
  actionpack (5.1.3) lib/action_controller/metal/basic_implicit_render.rb:4:in `block in send_action'
  actionpack (5.1.3) lib/action_controller/metal/basic_implicit_render.rb:4:in `tap'
  actionpack (5.1.3) lib/action_controller/metal/basic_implicit_render.rb:4:in `send_action'
  actionpack (5.1.3) lib/abstract_controller/base.rb:186:in `process_action'
  actionpack (5.1.3) lib/action_controller/metal/rendering.rb:30:in `process_action'
  actionpack (5.1.3) lib/abstract_controller/callbacks.rb:20:in `block in process_action'
  activesupport (5.1.3) lib/active_support/callbacks.rb:131:in `run_callbacks'
  actionpack (5.1.3) lib/abstract_controller/callbacks.rb:19:in `process_action'
  actionpack (5.1.3) lib/action_controller/metal/rescue.rb:20:in `process_action'
  actionpack (5.1.3) lib/action_controller/metal/instrumentation.rb:32:in `block in process_action'
  activesupport (5.1.3) lib/active_support/notifications.rb:166:in `block in instrument'
  activesupport (5.1.3) lib/active_support/notifications/instrumenter.rb:21:in `instrument'
  activesupport (5.1.3) lib/active_support/notifications.rb:166:in `instrument'
  actionpack (5.1.3) lib/action_controller/metal/instrumentation.rb:30:in `process_action'
  actionpack (5.1.3) lib/action_controller/metal/params_wrapper.rb:252:in `process_action'
  activerecord (5.1.3) lib/active_record/railties/controller_runtime.rb:22:in `process_action'
  actionpack (5.1.3) lib/abstract_controller/base.rb:124:in `process'
  actionview (5.1.3) lib/action_view/rendering.rb:30:in `process'
  actionpack (5.1.3) lib/action_controller/metal.rb:189:in `dispatch'
  actionpack (5.1.3) lib/action_controller/metal.rb:253:in `dispatch'
  actionpack (5.1.3) lib/action_dispatch/routing/route_set.rb:49:in `dispatch'
  actionpack (5.1.3) lib/action_dispatch/routing/route_set.rb:31:in `serve'
  actionpack (5.1.3) lib/action_dispatch/journey/router.rb:46:in `block in serve'
  actionpack (5.1.3) lib/action_dispatch/journey/router.rb:33:in `each'
  actionpack (5.1.3) lib/action_dispatch/journey/router.rb:33:in `serve'
  actionpack (5.1.3) lib/action_dispatch/routing/route_set.rb:834:in `call'
  meta_request (0.4.3) lib/meta_request/middlewares/app_request_handler.rb:13:in `call'
  meta_request (0.4.3) lib/meta_request/middlewares/meta_request_handler.rb:13:in `call'
  rack (2.0.3) lib/rack/etag.rb:25:in `call'
  rack (2.0.3) lib/rack/conditional_get.rb:25:in `call'
  rack (2.0.3) lib/rack/head.rb:12:in `call'
  rack (2.0.3) lib/rack/session/abstract/id.rb:232:in `context'
  rack (2.0.3) lib/rack/session/abstract/id.rb:226:in `call'
  actionpack (5.1.3) lib/action_dispatch/middleware/cookies.rb:613:in `call'
  activerecord (5.1.3) lib/active_record/migration.rb:556:in `call'
  actionpack (5.1.3) lib/action_dispatch/middleware/callbacks.rb:26:in `block in call'
  activesupport (5.1.3) lib/active_support/callbacks.rb:97:in `run_callbacks'
  actionpack (5.1.3) lib/action_dispatch/middleware/callbacks.rb:24:in `call'
  actionpack (5.1.3) lib/action_dispatch/middleware/executor.rb:12:in `call'
  better_errors (2.3.0) lib/better_errors/middleware.rb:84:in `protected_app_call'
  better_errors (2.3.0) lib/better_errors/middleware.rb:79:in `better_errors_call'
  better_errors (2.3.0) lib/better_errors/middleware.rb:57:in `call'
  actionpack (5.1.3) lib/action_dispatch/middleware/debug_exceptions.rb:59:in `call'
  rack-contrib (1.2.0) lib/rack/contrib/response_headers.rb:17:in `call'
  meta_request (0.4.3) lib/meta_request/middlewares/headers.rb:16:in `call'
  web-console (3.5.1) lib/web_console/middleware.rb:135:in `call_app'
  web-console (3.5.1) lib/web_console/middleware.rb:28:in `block in call'
  web-console (3.5.1) lib/web_console/middleware.rb:18:in `catch'
  web-console (3.5.1) lib/web_console/middleware.rb:18:in `call'
  actionpack (5.1.3) lib/action_dispatch/middleware/show_exceptions.rb:31:in `call'
  railties (5.1.3) lib/rails/rack/logger.rb:36:in `call_app'
  railties (5.1.3) lib/rails/rack/logger.rb:24:in `block in call'
  activesupport (5.1.3) lib/active_support/tagged_logging.rb:69:in `block in tagged'
  activesupport (5.1.3) lib/active_support/tagged_logging.rb:26:in `tagged'
  activesupport (5.1.3) lib/active_support/tagged_logging.rb:69:in `tagged'
  railties (5.1.3) lib/rails/rack/logger.rb:24:in `call'
  sprockets-rails (3.2.0) lib/sprockets/rails/quiet_assets.rb:13:in `call'
  actionpack (5.1.3) lib/action_dispatch/middleware/remote_ip.rb:79:in `call'
  actionpack (5.1.3) lib/action_dispatch/middleware/request_id.rb:25:in `call'
  rack (2.0.3) lib/rack/method_override.rb:22:in `call'
  rack (2.0.3) lib/rack/runtime.rb:22:in `call'
  activesupport (5.1.3) lib/active_support/cache/strategy/local_cache_middleware.rb:27:in `call'
  actionpack (5.1.3) lib/action_dispatch/middleware/executor.rb:12:in `call'
  actionpack (5.1.3) lib/action_dispatch/middleware/static.rb:125:in `call'
  rack (2.0.3) lib/rack/sendfile.rb:111:in `call'
  railties (5.1.3) lib/rails/engine.rb:522:in `call'
  puma (3.9.1) lib/puma/configuration.rb:224:in `call'
  puma (3.9.1) lib/puma/server.rb:602:in `handle_request'
  puma (3.9.1) lib/puma/server.rb:435:in `process_client'
  puma (3.9.1) lib/puma/server.rb:299:in `block in run'
  puma (3.9.1) lib/puma/thread_pool.rb:120:in `block in spawn_thread'

Started POST "/__better_errors/55bf8cee68003299/variables" for 127.0.0.1 at 2017-08-16 11:44:26 +0530
Started GET "/" for 127.0.0.1 at 2017-08-16 11:45:19 +0530
Processing by HomeController#index as HTML
  Rendering home/index.html.haml within layouts/application
  Rendered home/index.html.haml within layouts/application (5.9ms)
Completed 200 OK in 1062ms (Views: 880.4ms)


Started GET "/" for 127.0.0.1 at 2017-08-16 11:47:14 +0530
Processing by HomeController#index as HTML
  Rendering home/index.html.haml within layouts/application
  Rendered home/index.html.haml within layouts/application (6.8ms)
Completed 500 Internal Server Error in 384ms



Sprockets::FileNotFound - couldn't find file 'jquery-ujs' with type 'application/javascript'
Checked in these paths: 
  /Users/kduraisamy/Work/personal_work/fin-tech/app/assets/config
  /Users/kduraisamy/Work/personal_work/fin-tech/app/assets/images
  /Users/kduraisamy/Work/personal_work/fin-tech/app/assets/javascripts
  /Users/kduraisamy/Work/personal_work/fin-tech/app/assets/stylesheets
  /Users/kduraisamy/.rvm/gems/ruby-2.4.1@fin-tech/gems/jquery-ui-rails-6.0.1/app/assets/images
  /Users/kduraisamy/.rvm/gems/ruby-2.4.1@fin-tech/gems/jquery-ui-rails-6.0.1/app/assets/javascripts
  /Users/kduraisamy/.rvm/gems/ruby-2.4.1@fin-tech/gems/jquery-ui-rails-6.0.1/app/assets/stylesheets
  /Users/kduraisamy/.rvm/gems/ruby-2.4.1@fin-tech/gems/underscore-rails-1.8.3/vendor/assets/javascripts
  /Users/kduraisamy/.rvm/gems/ruby-2.4.1@fin-tech/gems/font-awesome-rails-4.7.0.2/app/assets/fonts
  /Users/kduraisamy/.rvm/gems/ruby-2.4.1@fin-tech/gems/font-awesome-rails-4.7.0.2/app/assets/stylesheets
  /Users/kduraisamy/.rvm/gems/ruby-2.4.1@fin-tech/gems/coffee-rails-4.2.2/lib/assets/javascripts
  /Users/kduraisamy/.rvm/gems/ruby-2.4.1@fin-tech/gems/actioncable-5.1.3/lib/assets/compiled
  /Users/kduraisamy/.rvm/gems/ruby-2.4.1@fin-tech/gems/actionview-5.1.3/lib/assets/compiled
  /Users/kduraisamy/.rvm/gems/ruby-2.4.1@fin-tech/gems/turbolinks-source-5.0.3/lib/assets/javascripts
  /Users/kduraisamy/Work/personal_work/fin-tech/node_modules
  /Users/kduraisamy/.rvm/gems/ruby-2.4.1@fin-tech/gems/bootstrap-sass-3.3.7/assets/stylesheets
  /Users/kduraisamy/.rvm/gems/ruby-2.4.1@fin-tech/gems/bootstrap-sass-3.3.7/assets/javascripts
  /Users/kduraisamy/.rvm/gems/ruby-2.4.1@fin-tech/gems/bootstrap-sass-3.3.7/assets/fonts
  /Users/kduraisamy/.rvm/gems/ruby-2.4.1@fin-tech/gems/bootstrap-sass-3.3.7/assets/images:
  app/assets/javascripts/application.js:14:in `'
  sprockets (3.7.1) lib/sprockets/resolve.rb:65:in `resolve!'
  sprockets (3.7.1) lib/sprockets/directive_processor.rb:399:in `resolve'
  sprockets (3.7.1) lib/sprockets/directive_processor.rb:207:in `process_require_directive'
  sprockets (3.7.1) lib/sprockets/directive_processor.rb:180:in `block in process_directives'
  sprockets (3.7.1) lib/sprockets/directive_processor.rb:178:in `each'
  sprockets (3.7.1) lib/sprockets/directive_processor.rb:178:in `process_directives'
  sprockets (3.7.1) lib/sprockets/directive_processor.rb:83:in `_call'
  sprockets (3.7.1) lib/sprockets/directive_processor.rb:68:in `call'
  sprockets (3.7.1) lib/sprockets/processor_utils.rb:75:in `call_processor'
  sprockets (3.7.1) lib/sprockets/processor_utils.rb:57:in `block in call_processors'
  sprockets (3.7.1) lib/sprockets/processor_utils.rb:56:in `reverse_each'
  sprockets (3.7.1) lib/sprockets/processor_utils.rb:56:in `call_processors'
  sprockets (3.7.1) lib/sprockets/loader.rb:134:in `load_from_unloaded'
  sprockets (3.7.1) lib/sprockets/loader.rb:60:in `block in load'
  sprockets (3.7.1) lib/sprockets/loader.rb:317:in `fetch_asset_from_dependency_cache'
  sprockets (3.7.1) lib/sprockets/loader.rb:44:in `load'
  sprockets (3.7.1) lib/sprockets/cached_environment.rb:20:in `block in initialize'
  sprockets (3.7.1) lib/sprockets/cached_environment.rb:47:in `load'
  sprockets (3.7.1) lib/sprockets/bundle.rb:23:in `block in call'
  sprockets (3.7.1) lib/sprockets/utils.rb:200:in `dfs'
  sprockets (3.7.1) lib/sprockets/bundle.rb:24:in `call'
  sprockets (3.7.1) lib/sprockets/processor_utils.rb:75:in `call_processor'
  sprockets (3.7.1) lib/sprockets/processor_utils.rb:57:in `block in call_processors'
  sprockets (3.7.1) lib/sprockets/processor_utils.rb:56:in `reverse_each'
  sprockets (3.7.1) lib/sprockets/processor_utils.rb:56:in `call_processors'
  sprockets (3.7.1) lib/sprockets/loader.rb:134:in `load_from_unloaded'
  sprockets (3.7.1) lib/sprockets/loader.rb:60:in `block in load'
  sprockets (3.7.1) lib/sprockets/loader.rb:317:in `fetch_asset_from_dependency_cache'
  sprockets (3.7.1) lib/sprockets/loader.rb:44:in `load'
  sprockets (3.7.1) lib/sprockets/cached_environment.rb:20:in `block in initialize'
  sprockets (3.7.1) lib/sprockets/cached_environment.rb:47:in `load'
  sprockets (3.7.1) lib/sprockets/base.rb:66:in `find_asset'
  sprockets (3.7.1) lib/sprockets/base.rb:73:in `find_all_linked_assets'
  sprockets (3.7.1) lib/sprockets/manifest.rb:142:in `block in find'
  sprockets (3.7.1) lib/sprockets/legacy.rb:114:in `block (2 levels) in logical_paths'
  sprockets (3.7.1) lib/sprockets/path_utils.rb:228:in `block in stat_tree'
  sprockets (3.7.1) lib/sprockets/path_utils.rb:212:in `block in stat_directory'
  sprockets (3.7.1) lib/sprockets/path_utils.rb:209:in `each'
  sprockets (3.7.1) lib/sprockets/path_utils.rb:209:in `stat_directory'
  sprockets (3.7.1) lib/sprockets/path_utils.rb:227:in `stat_tree'
  sprockets (3.7.1) lib/sprockets/legacy.rb:105:in `each'
  sprockets (3.7.1) lib/sprockets/legacy.rb:105:in `block in logical_paths'
  sprockets (3.7.1) lib/sprockets/legacy.rb:104:in `each'
  sprockets (3.7.1) lib/sprockets/legacy.rb:104:in `logical_paths'
  sprockets (3.7.1) lib/sprockets/manifest.rb:140:in `find'
  sprockets-rails (3.2.0) lib/sprockets/railtie.rb:50:in `each'
  sprockets-rails (3.2.0) lib/sprockets/railtie.rb:50:in `map'
  sprockets-rails (3.2.0) lib/sprockets/railtie.rb:50:in `precompiled_assets'
  sprockets-rails (3.2.0) lib/sprockets/railtie.rb:35:in `asset_precompiled?'
  sprockets-rails (3.2.0) lib/sprockets/railtie.rb:251:in `block (3 levels) in <class:Railtie>'
  sprockets-rails (3.2.0) lib/sprockets/rails/helper.rb:359:in `precompiled?'
  sprockets-rails (3.2.0) lib/sprockets/rails/helper.rb:363:in `raise_unless_precompiled_asset'
  sprockets-rails (3.2.0) lib/sprockets/rails/helper.rb:348:in `find_debug_asset'
  sprockets-rails (3.2.0) lib/sprockets/rails/helper.rb:229:in `block in lookup_debug_asset'
  sprockets-rails (3.2.0) lib/sprockets/rails/helper.rb:242:in `block in resolve_asset'
  sprockets-rails (3.2.0) lib/sprockets/rails/helper.rb:241:in `each'
  sprockets-rails (3.2.0) lib/sprockets/rails/helper.rb:241:in `detect'
  sprockets-rails (3.2.0) lib/sprockets/rails/helper.rb:241:in `resolve_asset'
  sprockets-rails (3.2.0) lib/sprockets/rails/helper.rb:228:in `lookup_debug_asset'
  sprockets-rails (3.2.0) lib/sprockets/rails/helper.rb:170:in `block in stylesheet_link_tag'
  sprockets-rails (3.2.0) lib/sprockets/rails/helper.rb:169:in `map'
  sprockets-rails (3.2.0) lib/sprockets/rails/helper.rb:169:in `stylesheet_link_tag'
  app/views/layouts/application.html.haml:7:in `_app_views_layouts_application_html_haml__3164183529656185639_70138155615240'
  actionview (5.1.3) lib/action_view/template.rb:157:in `block in render'
  activesupport (5.1.3) lib/active_support/notifications.rb:168:in `instrument'
  actionview (5.1.3) lib/action_view/template.rb:352:in `instrument_render_template'
  actionview (5.1.3) lib/action_view/template.rb:155:in `render'
  actionview (5.1.3) lib/action_view/renderer/template_renderer.rb:64:in `render_with_layout'
  actionview (5.1.3) lib/action_view/renderer/template_renderer.rb:50:in `render_template'
  actionview (5.1.3) lib/action_view/renderer/template_renderer.rb:14:in `render'
  actionview (5.1.3) lib/action_view/renderer/renderer.rb:42:in `render_template'
  actionview (5.1.3) lib/action_view/renderer/renderer.rb:23:in `render'
  actionview (5.1.3) lib/action_view/rendering.rb:103:in `_render_template'
  actionpack (5.1.3) lib/action_controller/metal/streaming.rb:217:in `_render_template'
  actionview (5.1.3) lib/action_view/rendering.rb:83:in `render_to_body'
  actionpack (5.1.3) lib/action_controller/metal/rendering.rb:52:in `render_to_body'
  actionpack (5.1.3) lib/action_controller/metal/renderers.rb:141:in `render_to_body'
  actionpack (5.1.3) lib/abstract_controller/rendering.rb:24:in `render'
  actionpack (5.1.3) lib/action_controller/metal/rendering.rb:36:in `render'
  actionpack (5.1.3) lib/action_controller/metal/instrumentation.rb:44:in `block (2 levels) in render'
  activesupport (5.1.3) lib/active_support/core_ext/benchmark.rb:12:in `block in ms'
  /Users/kduraisamy/.rvm/rubies/ruby-2.4.1/lib/ruby/2.4.0/benchmark.rb:308:in `realtime'
  activesupport (5.1.3) lib/active_support/core_ext/benchmark.rb:12:in `ms'
  actionpack (5.1.3) lib/action_controller/metal/instrumentation.rb:44:in `block in render'
  actionpack (5.1.3) lib/action_controller/metal/instrumentation.rb:87:in `cleanup_view_runtime'
  activerecord (5.1.3) lib/active_record/railties/controller_runtime.rb:34:in `cleanup_view_runtime'
  actionpack (5.1.3) lib/action_controller/metal/instrumentation.rb:43:in `render'
  actionpack (5.1.3) lib/action_controller/metal/implicit_render.rb:33:in `default_render'
  actionpack (5.1.3) lib/action_controller/metal/basic_implicit_render.rb:4:in `block in send_action'
  actionpack (5.1.3) lib/action_controller/metal/basic_implicit_render.rb:4:in `tap'
  actionpack (5.1.3) lib/action_controller/metal/basic_implicit_render.rb:4:in `send_action'
  actionpack (5.1.3) lib/abstract_controller/base.rb:186:in `process_action'
  actionpack (5.1.3) lib/action_controller/metal/rendering.rb:30:in `process_action'
  actionpack (5.1.3) lib/abstract_controller/callbacks.rb:20:in `block in process_action'
  activesupport (5.1.3) lib/active_support/callbacks.rb:131:in `run_callbacks'
  actionpack (5.1.3) lib/abstract_controller/callbacks.rb:19:in `process_action'
  actionpack (5.1.3) lib/action_controller/metal/rescue.rb:20:in `process_action'
  actionpack (5.1.3) lib/action_controller/metal/instrumentation.rb:32:in `block in process_action'
  activesupport (5.1.3) lib/active_support/notifications.rb:166:in `block in instrument'
  activesupport (5.1.3) lib/active_support/notifications/instrumenter.rb:21:in `instrument'
  activesupport (5.1.3) lib/active_support/notifications.rb:166:in `instrument'
  actionpack (5.1.3) lib/action_controller/metal/instrumentation.rb:30:in `process_action'
  actionpack (5.1.3) lib/action_controller/metal/params_wrapper.rb:252:in `process_action'
  activerecord (5.1.3) lib/active_record/railties/controller_runtime.rb:22:in `process_action'
  actionpack (5.1.3) lib/abstract_controller/base.rb:124:in `process'
  actionview (5.1.3) lib/action_view/rendering.rb:30:in `process'
  actionpack (5.1.3) lib/action_controller/metal.rb:189:in `dispatch'
  actionpack (5.1.3) lib/action_controller/metal.rb:253:in `dispatch'
  actionpack (5.1.3) lib/action_dispatch/routing/route_set.rb:49:in `dispatch'
  actionpack (5.1.3) lib/action_dispatch/routing/route_set.rb:31:in `serve'
  actionpack (5.1.3) lib/action_dispatch/journey/router.rb:46:in `block in serve'
  actionpack (5.1.3) lib/action_dispatch/journey/router.rb:33:in `each'
  actionpack (5.1.3) lib/action_dispatch/journey/router.rb:33:in `serve'
  actionpack (5.1.3) lib/action_dispatch/routing/route_set.rb:834:in `call'
  meta_request (0.4.3) lib/meta_request/middlewares/app_request_handler.rb:13:in `call'
  meta_request (0.4.3) lib/meta_request/middlewares/meta_request_handler.rb:13:in `call'
  rack (2.0.3) lib/rack/etag.rb:25:in `call'
  rack (2.0.3) lib/rack/conditional_get.rb:25:in `call'
  rack (2.0.3) lib/rack/head.rb:12:in `call'
  rack (2.0.3) lib/rack/session/abstract/id.rb:232:in `context'
  rack (2.0.3) lib/rack/session/abstract/id.rb:226:in `call'
  actionpack (5.1.3) lib/action_dispatch/middleware/cookies.rb:613:in `call'
  activerecord (5.1.3) lib/active_record/migration.rb:556:in `call'
  actionpack (5.1.3) lib/action_dispatch/middleware/callbacks.rb:26:in `block in call'
  activesupport (5.1.3) lib/active_support/callbacks.rb:97:in `run_callbacks'
  actionpack (5.1.3) lib/action_dispatch/middleware/callbacks.rb:24:in `call'
  actionpack (5.1.3) lib/action_dispatch/middleware/executor.rb:12:in `call'
  better_errors (2.3.0) lib/better_errors/middleware.rb:84:in `protected_app_call'
  better_errors (2.3.0) lib/better_errors/middleware.rb:79:in `better_errors_call'
  better_errors (2.3.0) lib/better_errors/middleware.rb:57:in `call'
  actionpack (5.1.3) lib/action_dispatch/middleware/debug_exceptions.rb:59:in `call'
  rack-contrib (1.2.0) lib/rack/contrib/response_headers.rb:17:in `call'
  meta_request (0.4.3) lib/meta_request/middlewares/headers.rb:16:in `call'
  web-console (3.5.1) lib/web_console/middleware.rb:135:in `call_app'
  web-console (3.5.1) lib/web_console/middleware.rb:28:in `block in call'
  web-console (3.5.1) lib/web_console/middleware.rb:18:in `catch'
  web-console (3.5.1) lib/web_console/middleware.rb:18:in `call'
  actionpack (5.1.3) lib/action_dispatch/middleware/show_exceptions.rb:31:in `call'
  railties (5.1.3) lib/rails/rack/logger.rb:36:in `call_app'
  railties (5.1.3) lib/rails/rack/logger.rb:24:in `block in call'
  activesupport (5.1.3) lib/active_support/tagged_logging.rb:69:in `block in tagged'
  activesupport (5.1.3) lib/active_support/tagged_logging.rb:26:in `tagged'
  activesupport (5.1.3) lib/active_support/tagged_logging.rb:69:in `tagged'
  railties (5.1.3) lib/rails/rack/logger.rb:24:in `call'
  sprockets-rails (3.2.0) lib/sprockets/rails/quiet_assets.rb:13:in `call'
  actionpack (5.1.3) lib/action_dispatch/middleware/remote_ip.rb:79:in `call'
  actionpack (5.1.3) lib/action_dispatch/middleware/request_id.rb:25:in `call'
  rack (2.0.3) lib/rack/method_override.rb:22:in `call'
  rack (2.0.3) lib/rack/runtime.rb:22:in `call'
  activesupport (5.1.3) lib/active_support/cache/strategy/local_cache_middleware.rb:27:in `call'
  actionpack (5.1.3) lib/action_dispatch/middleware/executor.rb:12:in `call'
  actionpack (5.1.3) lib/action_dispatch/middleware/static.rb:125:in `call'
  rack (2.0.3) lib/rack/sendfile.rb:111:in `call'
  railties (5.1.3) lib/rails/engine.rb:522:in `call'
  puma (3.9.1) lib/puma/configuration.rb:224:in `call'
  puma (3.9.1) lib/puma/server.rb:602:in `handle_request'
  puma (3.9.1) lib/puma/server.rb:435:in `process_client'
  puma (3.9.1) lib/puma/server.rb:299:in `block in run'
  puma (3.9.1) lib/puma/thread_pool.rb:120:in `block in spawn_thread'

Started POST "/__better_errors/d1761165ee40f2f0/variables" for 127.0.0.1 at 2017-08-16 11:47:15 +0530
Started GET "/" for 127.0.0.1 at 2017-08-16 11:49:02 +0530
Processing by HomeController#index as HTML
  Rendering home/index.html.haml within layouts/application
  Rendered home/index.html.haml within layouts/application (5.2ms)
Completed 500 Internal Server Error in 321ms



Sprockets::FileNotFound - couldn't find file 'jquery' with type 'application/javascript'
Checked in these paths: 
  /Users/kduraisamy/Work/personal_work/fin-tech/app/assets/config
  /Users/kduraisamy/Work/personal_work/fin-tech/app/assets/images
  /Users/kduraisamy/Work/personal_work/fin-tech/app/assets/javascripts
  /Users/kduraisamy/Work/personal_work/fin-tech/app/assets/stylesheets
  /Users/kduraisamy/.rvm/gems/ruby-2.4.1@fin-tech/gems/jquery-ui-rails-6.0.1/app/assets/images
  /Users/kduraisamy/.rvm/gems/ruby-2.4.1@fin-tech/gems/jquery-ui-rails-6.0.1/app/assets/javascripts
  /Users/kduraisamy/.rvm/gems/ruby-2.4.1@fin-tech/gems/jquery-ui-rails-6.0.1/app/assets/stylesheets
  /Users/kduraisamy/.rvm/gems/ruby-2.4.1@fin-tech/gems/underscore-rails-1.8.3/vendor/assets/javascripts
  /Users/kduraisamy/.rvm/gems/ruby-2.4.1@fin-tech/gems/font-awesome-rails-4.7.0.2/app/assets/fonts
  /Users/kduraisamy/.rvm/gems/ruby-2.4.1@fin-tech/gems/font-awesome-rails-4.7.0.2/app/assets/stylesheets
  /Users/kduraisamy/.rvm/gems/ruby-2.4.1@fin-tech/gems/coffee-rails-4.2.2/lib/assets/javascripts
  /Users/kduraisamy/.rvm/gems/ruby-2.4.1@fin-tech/gems/actioncable-5.1.3/lib/assets/compiled
  /Users/kduraisamy/.rvm/gems/ruby-2.4.1@fin-tech/gems/actionview-5.1.3/lib/assets/compiled
  /Users/kduraisamy/.rvm/gems/ruby-2.4.1@fin-tech/gems/turbolinks-source-5.0.3/lib/assets/javascripts
  /Users/kduraisamy/Work/personal_work/fin-tech/node_modules
  /Users/kduraisamy/.rvm/gems/ruby-2.4.1@fin-tech/gems/bootstrap-sass-3.3.7/assets/stylesheets
  /Users/kduraisamy/.rvm/gems/ruby-2.4.1@fin-tech/gems/bootstrap-sass-3.3.7/assets/javascripts
  /Users/kduraisamy/.rvm/gems/ruby-2.4.1@fin-tech/gems/bootstrap-sass-3.3.7/assets/fonts
  /Users/kduraisamy/.rvm/gems/ruby-2.4.1@fin-tech/gems/bootstrap-sass-3.3.7/assets/images:
  app/assets/javascripts/application.js:14:in `'
  sprockets (3.7.1) lib/sprockets/resolve.rb:65:in `resolve!'
  sprockets (3.7.1) lib/sprockets/directive_processor.rb:399:in `resolve'
  sprockets (3.7.1) lib/sprockets/directive_processor.rb:207:in `process_require_directive'
  sprockets (3.7.1) lib/sprockets/directive_processor.rb:180:in `block in process_directives'
  sprockets (3.7.1) lib/sprockets/directive_processor.rb:178:in `each'
  sprockets (3.7.1) lib/sprockets/directive_processor.rb:178:in `process_directives'
  sprockets (3.7.1) lib/sprockets/directive_processor.rb:83:in `_call'
  sprockets (3.7.1) lib/sprockets/directive_processor.rb:68:in `call'
  sprockets (3.7.1) lib/sprockets/processor_utils.rb:75:in `call_processor'
  sprockets (3.7.1) lib/sprockets/processor_utils.rb:57:in `block in call_processors'
  sprockets (3.7.1) lib/sprockets/processor_utils.rb:56:in `reverse_each'
  sprockets (3.7.1) lib/sprockets/processor_utils.rb:56:in `call_processors'
  sprockets (3.7.1) lib/sprockets/loader.rb:134:in `load_from_unloaded'
  sprockets (3.7.1) lib/sprockets/loader.rb:60:in `block in load'
  sprockets (3.7.1) lib/sprockets/loader.rb:317:in `fetch_asset_from_dependency_cache'
  sprockets (3.7.1) lib/sprockets/loader.rb:44:in `load'
  sprockets (3.7.1) lib/sprockets/cached_environment.rb:20:in `block in initialize'
  sprockets (3.7.1) lib/sprockets/cached_environment.rb:47:in `load'
  sprockets (3.7.1) lib/sprockets/bundle.rb:23:in `block in call'
  sprockets (3.7.1) lib/sprockets/utils.rb:200:in `dfs'
  sprockets (3.7.1) lib/sprockets/bundle.rb:24:in `call'
  sprockets (3.7.1) lib/sprockets/processor_utils.rb:75:in `call_processor'
  sprockets (3.7.1) lib/sprockets/processor_utils.rb:57:in `block in call_processors'
  sprockets (3.7.1) lib/sprockets/processor_utils.rb:56:in `reverse_each'
  sprockets (3.7.1) lib/sprockets/processor_utils.rb:56:in `call_processors'
  sprockets (3.7.1) lib/sprockets/loader.rb:134:in `load_from_unloaded'
  sprockets (3.7.1) lib/sprockets/loader.rb:60:in `block in load'
  sprockets (3.7.1) lib/sprockets/loader.rb:317:in `fetch_asset_from_dependency_cache'
  sprockets (3.7.1) lib/sprockets/loader.rb:44:in `load'
  sprockets (3.7.1) lib/sprockets/cached_environment.rb:20:in `block in initialize'
  sprockets (3.7.1) lib/sprockets/cached_environment.rb:47:in `load'
  sprockets (3.7.1) lib/sprockets/base.rb:66:in `find_asset'
  sprockets (3.7.1) lib/sprockets/base.rb:73:in `find_all_linked_assets'
  sprockets (3.7.1) lib/sprockets/manifest.rb:142:in `block in find'
  sprockets (3.7.1) lib/sprockets/legacy.rb:114:in `block (2 levels) in logical_paths'
  sprockets (3.7.1) lib/sprockets/path_utils.rb:228:in `block in stat_tree'
  sprockets (3.7.1) lib/sprockets/path_utils.rb:212:in `block in stat_directory'
  sprockets (3.7.1) lib/sprockets/path_utils.rb:209:in `each'
  sprockets (3.7.1) lib/sprockets/path_utils.rb:209:in `stat_directory'
  sprockets (3.7.1) lib/sprockets/path_utils.rb:227:in `stat_tree'
  sprockets (3.7.1) lib/sprockets/legacy.rb:105:in `each'
  sprockets (3.7.1) lib/sprockets/legacy.rb:105:in `block in logical_paths'
  sprockets (3.7.1) lib/sprockets/legacy.rb:104:in `each'
  sprockets (3.7.1) lib/sprockets/legacy.rb:104:in `logical_paths'
  sprockets (3.7.1) lib/sprockets/manifest.rb:140:in `find'
  sprockets-rails (3.2.0) lib/sprockets/railtie.rb:50:in `each'
  sprockets-rails (3.2.0) lib/sprockets/railtie.rb:50:in `map'
  sprockets-rails (3.2.0) lib/sprockets/railtie.rb:50:in `precompiled_assets'
  sprockets-rails (3.2.0) lib/sprockets/railtie.rb:35:in `asset_precompiled?'
  sprockets-rails (3.2.0) lib/sprockets/railtie.rb:251:in `block (3 levels) in <class:Railtie>'
  sprockets-rails (3.2.0) lib/sprockets/rails/helper.rb:359:in `precompiled?'
  sprockets-rails (3.2.0) lib/sprockets/rails/helper.rb:363:in `raise_unless_precompiled_asset'
  sprockets-rails (3.2.0) lib/sprockets/rails/helper.rb:348:in `find_debug_asset'
  sprockets-rails (3.2.0) lib/sprockets/rails/helper.rb:229:in `block in lookup_debug_asset'
  sprockets-rails (3.2.0) lib/sprockets/rails/helper.rb:242:in `block in resolve_asset'
  sprockets-rails (3.2.0) lib/sprockets/rails/helper.rb:241:in `each'
  sprockets-rails (3.2.0) lib/sprockets/rails/helper.rb:241:in `detect'
  sprockets-rails (3.2.0) lib/sprockets/rails/helper.rb:241:in `resolve_asset'
  sprockets-rails (3.2.0) lib/sprockets/rails/helper.rb:228:in `lookup_debug_asset'
  sprockets-rails (3.2.0) lib/sprockets/rails/helper.rb:170:in `block in stylesheet_link_tag'
  sprockets-rails (3.2.0) lib/sprockets/rails/helper.rb:169:in `map'
  sprockets-rails (3.2.0) lib/sprockets/rails/helper.rb:169:in `stylesheet_link_tag'
  app/views/layouts/application.html.haml:7:in `_app_views_layouts_application_html_haml__2149543284407354449_70356493280540'
  actionview (5.1.3) lib/action_view/template.rb:157:in `block in render'
  activesupport (5.1.3) lib/active_support/notifications.rb:168:in `instrument'
  actionview (5.1.3) lib/action_view/template.rb:352:in `instrument_render_template'
  actionview (5.1.3) lib/action_view/template.rb:155:in `render'
  actionview (5.1.3) lib/action_view/renderer/template_renderer.rb:64:in `render_with_layout'
  actionview (5.1.3) lib/action_view/renderer/template_renderer.rb:50:in `render_template'
  actionview (5.1.3) lib/action_view/renderer/template_renderer.rb:14:in `render'
  actionview (5.1.3) lib/action_view/renderer/renderer.rb:42:in `render_template'
  actionview (5.1.3) lib/action_view/renderer/renderer.rb:23:in `render'
  actionview (5.1.3) lib/action_view/rendering.rb:103:in `_render_template'
  actionpack (5.1.3) lib/action_controller/metal/streaming.rb:217:in `_render_template'
  actionview (5.1.3) lib/action_view/rendering.rb:83:in `render_to_body'
  actionpack (5.1.3) lib/action_controller/metal/rendering.rb:52:in `render_to_body'
  actionpack (5.1.3) lib/action_controller/metal/renderers.rb:141:in `render_to_body'
  actionpack (5.1.3) lib/abstract_controller/rendering.rb:24:in `render'
  actionpack (5.1.3) lib/action_controller/metal/rendering.rb:36:in `render'
  actionpack (5.1.3) lib/action_controller/metal/instrumentation.rb:44:in `block (2 levels) in render'
  activesupport (5.1.3) lib/active_support/core_ext/benchmark.rb:12:in `block in ms'
  /Users/kduraisamy/.rvm/rubies/ruby-2.4.1/lib/ruby/2.4.0/benchmark.rb:308:in `realtime'
  activesupport (5.1.3) lib/active_support/core_ext/benchmark.rb:12:in `ms'
  actionpack (5.1.3) lib/action_controller/metal/instrumentation.rb:44:in `block in render'
  actionpack (5.1.3) lib/action_controller/metal/instrumentation.rb:87:in `cleanup_view_runtime'
  activerecord (5.1.3) lib/active_record/railties/controller_runtime.rb:34:in `cleanup_view_runtime'
  actionpack (5.1.3) lib/action_controller/metal/instrumentation.rb:43:in `render'
  actionpack (5.1.3) lib/action_controller/metal/implicit_render.rb:33:in `default_render'
  actionpack (5.1.3) lib/action_controller/metal/basic_implicit_render.rb:4:in `block in send_action'
  actionpack (5.1.3) lib/action_controller/metal/basic_implicit_render.rb:4:in `tap'
  actionpack (5.1.3) lib/action_controller/metal/basic_implicit_render.rb:4:in `send_action'
  actionpack (5.1.3) lib/abstract_controller/base.rb:186:in `process_action'
  actionpack (5.1.3) lib/action_controller/metal/rendering.rb:30:in `process_action'
  actionpack (5.1.3) lib/abstract_controller/callbacks.rb:20:in `block in process_action'
  activesupport (5.1.3) lib/active_support/callbacks.rb:131:in `run_callbacks'
  actionpack (5.1.3) lib/abstract_controller/callbacks.rb:19:in `process_action'
  actionpack (5.1.3) lib/action_controller/metal/rescue.rb:20:in `process_action'
  actionpack (5.1.3) lib/action_controller/metal/instrumentation.rb:32:in `block in process_action'
  activesupport (5.1.3) lib/active_support/notifications.rb:166:in `block in instrument'
  activesupport (5.1.3) lib/active_support/notifications/instrumenter.rb:21:in `instrument'
  activesupport (5.1.3) lib/active_support/notifications.rb:166:in `instrument'
  actionpack (5.1.3) lib/action_controller/metal/instrumentation.rb:30:in `process_action'
  actionpack (5.1.3) lib/action_controller/metal/params_wrapper.rb:252:in `process_action'
  activerecord (5.1.3) lib/active_record/railties/controller_runtime.rb:22:in `process_action'
  actionpack (5.1.3) lib/abstract_controller/base.rb:124:in `process'
  actionview (5.1.3) lib/action_view/rendering.rb:30:in `process'
  actionpack (5.1.3) lib/action_controller/metal.rb:189:in `dispatch'
  actionpack (5.1.3) lib/action_controller/metal.rb:253:in `dispatch'
  actionpack (5.1.3) lib/action_dispatch/routing/route_set.rb:49:in `dispatch'
  actionpack (5.1.3) lib/action_dispatch/routing/route_set.rb:31:in `serve'
  actionpack (5.1.3) lib/action_dispatch/journey/router.rb:46:in `block in serve'
  actionpack (5.1.3) lib/action_dispatch/journey/router.rb:33:in `each'
  actionpack (5.1.3) lib/action_dispatch/journey/router.rb:33:in `serve'
  actionpack (5.1.3) lib/action_dispatch/routing/route_set.rb:834:in `call'
  meta_request (0.4.3) lib/meta_request/middlewares/app_request_handler.rb:13:in `call'
  meta_request (0.4.3) lib/meta_request/middlewares/meta_request_handler.rb:13:in `call'
  rack (2.0.3) lib/rack/etag.rb:25:in `call'
  rack (2.0.3) lib/rack/conditional_get.rb:25:in `call'
  rack (2.0.3) lib/rack/head.rb:12:in `call'
  rack (2.0.3) lib/rack/session/abstract/id.rb:232:in `context'
  rack (2.0.3) lib/rack/session/abstract/id.rb:226:in `call'
  actionpack (5.1.3) lib/action_dispatch/middleware/cookies.rb:613:in `call'
  activerecord (5.1.3) lib/active_record/migration.rb:556:in `call'
  actionpack (5.1.3) lib/action_dispatch/middleware/callbacks.rb:26:in `block in call'
  activesupport (5.1.3) lib/active_support/callbacks.rb:97:in `run_callbacks'
  actionpack (5.1.3) lib/action_dispatch/middleware/callbacks.rb:24:in `call'
  actionpack (5.1.3) lib/action_dispatch/middleware/executor.rb:12:in `call'
  better_errors (2.3.0) lib/better_errors/middleware.rb:84:in `protected_app_call'
  better_errors (2.3.0) lib/better_errors/middleware.rb:79:in `better_errors_call'
  better_errors (2.3.0) lib/better_errors/middleware.rb:57:in `call'
  actionpack (5.1.3) lib/action_dispatch/middleware/debug_exceptions.rb:59:in `call'
  rack-contrib (1.2.0) lib/rack/contrib/response_headers.rb:17:in `call'
  meta_request (0.4.3) lib/meta_request/middlewares/headers.rb:16:in `call'
  web-console (3.5.1) lib/web_console/middleware.rb:135:in `call_app'
  web-console (3.5.1) lib/web_console/middleware.rb:28:in `block in call'
  web-console (3.5.1) lib/web_console/middleware.rb:18:in `catch'
  web-console (3.5.1) lib/web_console/middleware.rb:18:in `call'
  actionpack (5.1.3) lib/action_dispatch/middleware/show_exceptions.rb:31:in `call'
  railties (5.1.3) lib/rails/rack/logger.rb:36:in `call_app'
  railties (5.1.3) lib/rails/rack/logger.rb:24:in `block in call'
  activesupport (5.1.3) lib/active_support/tagged_logging.rb:69:in `block in tagged'
  activesupport (5.1.3) lib/active_support/tagged_logging.rb:26:in `tagged'
  activesupport (5.1.3) lib/active_support/tagged_logging.rb:69:in `tagged'
  railties (5.1.3) lib/rails/rack/logger.rb:24:in `call'
  sprockets-rails (3.2.0) lib/sprockets/rails/quiet_assets.rb:13:in `call'
  actionpack (5.1.3) lib/action_dispatch/middleware/remote_ip.rb:79:in `call'
  actionpack (5.1.3) lib/action_dispatch/middleware/request_id.rb:25:in `call'
  rack (2.0.3) lib/rack/method_override.rb:22:in `call'
  rack (2.0.3) lib/rack/runtime.rb:22:in `call'
  activesupport (5.1.3) lib/active_support/cache/strategy/local_cache_middleware.rb:27:in `call'
  actionpack (5.1.3) lib/action_dispatch/middleware/executor.rb:12:in `call'
  actionpack (5.1.3) lib/action_dispatch/middleware/static.rb:125:in `call'
  rack (2.0.3) lib/rack/sendfile.rb:111:in `call'
  railties (5.1.3) lib/rails/engine.rb:522:in `call'
  puma (3.9.1) lib/puma/configuration.rb:224:in `call'
  puma (3.9.1) lib/puma/server.rb:602:in `handle_request'
  puma (3.9.1) lib/puma/server.rb:435:in `process_client'
  puma (3.9.1) lib/puma/server.rb:299:in `block in run'
  puma (3.9.1) lib/puma/thread_pool.rb:120:in `block in spawn_thread'

Started POST "/__better_errors/5e801d7498c8f60f/variables" for 127.0.0.1 at 2017-08-16 11:49:02 +0530
Started GET "/" for 127.0.0.1 at 2017-08-16 11:50:51 +0530
Processing by HomeController#index as HTML
  Rendering home/index.html.haml within layouts/application
  Rendered home/index.html.haml within layouts/application (18.2ms)
Completed 200 OK in 2674ms (Views: 2543.5ms)


Started GET "/" for 127.0.0.1 at 2017-08-16 11:51:02 +0530
Processing by HomeController#index as HTML
  Rendering home/index.html.haml within layouts/application
  Rendered home/index.html.haml within layouts/application (1.9ms)
Completed 200 OK in 133ms (Views: 131.4ms)


Started GET "/" for 127.0.0.1 at 2017-08-16 11:57:29 +0530
Processing by HomeController#index as HTML
  Rendering home/index.html.haml within layouts/application
  Rendered home/index.html.haml within layouts/application (10.5ms)
Completed 200 OK in 7397ms (Views: 7192.7ms)


Started GET "/" for 127.0.0.1 at 2017-08-16 11:58:37 +0530
Processing by HomeController#index as HTML
  Rendering home/index.html.haml within layouts/application
  Rendered home/index.html.haml within layouts/application (14.0ms)
Completed 200 OK in 249ms (Views: 246.5ms)


Started GET "/" for 127.0.0.1 at 2017-08-16 11:58:46 +0530
Processing by HomeController#index as HTML
  Rendering home/index.html.haml within layouts/application
  Rendered home/index.html.haml within layouts/application (2.4ms)
Completed 200 OK in 233ms (Views: 229.8ms)


Started GET "/" for 127.0.0.1 at 2017-08-16 11:58:49 +0530
Processing by HomeController#index as HTML
  Rendering home/index.html.haml within layouts/application
  Rendered home/index.html.haml within layouts/application (2.4ms)
Completed 200 OK in 254ms (Views: 251.3ms)


Started GET "/" for 127.0.0.1 at 2017-08-16 11:59:58 +0530
Processing by HomeController#index as HTML
  Rendering home/index.html.haml within layouts/application
  Rendered home/index.html.haml within layouts/application (2.9ms)
Completed 200 OK in 256ms (Views: 253.6ms)


Started GET "/" for 127.0.0.1 at 2017-08-16 12:32:33 +0530
Processing by HomeController#index as HTML
  Rendering home/index.html.haml within layouts/application
  Rendered home/index.html.haml within layouts/application (4.0ms)
Completed 200 OK in 600ms (Views: 410.8ms)


Started GET "/" for 127.0.0.1 at 2017-08-16 12:32:57 +0530
Processing by HomeController#index as HTML
  Rendering home/index.html.haml within layouts/application
  Rendered home/index.html.haml within layouts/application (1.7ms)
Completed 200 OK in 138ms (Views: 136.7ms)


Started GET "/" for 127.0.0.1 at 2017-08-16 12:35:49 +0530
Processing by HomeController#index as HTML
  Rendering home/index.html.haml within layouts/application
  Rendered home/index.html.haml within layouts/application (4.3ms)
Completed 200 OK in 898ms (Views: 748.5ms)


Started GET "/" for 127.0.0.1 at 2017-08-16 12:37:25 +0530
Processing by HomeController#index as HTML
  Rendering home/index.html.haml within layouts/application
  Rendered home/index.html.haml within layouts/application (6.5ms)
Completed 200 OK in 578ms (Views: 391.1ms)


Started GET "/" for 127.0.0.1 at 2017-08-16 12:37:29 +0530
Processing by HomeController#index as HTML
  Rendering home/index.html.haml within layouts/application
  Rendered home/index.html.haml within layouts/application (1.9ms)
Completed 200 OK in 102ms (Views: 100.0ms)


Started GET "/" for 127.0.0.1 at 2017-08-16 13:03:50 +0530
Processing by HomeController#index as HTML
  Rendering home/index.html.haml within layouts/application
  Rendered home/index.html.haml within layouts/application (12.1ms)
Completed 200 OK in 4385ms (Views: 4153.1ms)


Started GET "/" for 127.0.0.1 at 2017-08-16 17:41:15 +0530
Processing by HomeController#index as HTML
  Rendering home/index.html.haml within layouts/application
  Rendered home/index.html.haml within layouts/application (5.7ms)
Completed 500 Internal Server Error in 454ms



Sprockets::Rails::Helper::AssetNotFound - The asset "images/apple-touch-icon-144x144-precomposed.png" is not present in the asset pipeline.:
  sprockets-rails (3.2.0) lib/sprockets/rails/helper.rb:83:in `compute_asset_path'
  actionview (5.1.3) lib/action_view/helpers/asset_url_helper.rb:198:in `asset_path'
  actionview (5.1.3) lib/action_view/helpers/asset_url_helper.rb:373:in `image_path'
  actionview (5.1.3) lib/action_view/helpers/asset_tag_helper.rb:194:in `favicon_link_tag'
  app/views/layouts/application.html.haml:16:in `_app_views_layouts_application_html_haml___10462166625682728_70272800824720'
  actionview (5.1.3) lib/action_view/template.rb:157:in `block in render'
  activesupport (5.1.3) lib/active_support/notifications.rb:168:in `instrument'
  actionview (5.1.3) lib/action_view/template.rb:352:in `instrument_render_template'
  actionview (5.1.3) lib/action_view/template.rb:155:in `render'
  actionview (5.1.3) lib/action_view/renderer/template_renderer.rb:64:in `render_with_layout'
  actionview (5.1.3) lib/action_view/renderer/template_renderer.rb:50:in `render_template'
  actionview (5.1.3) lib/action_view/renderer/template_renderer.rb:14:in `render'
  actionview (5.1.3) lib/action_view/renderer/renderer.rb:42:in `render_template'
  actionview (5.1.3) lib/action_view/renderer/renderer.rb:23:in `render'
  actionview (5.1.3) lib/action_view/rendering.rb:103:in `_render_template'
  actionpack (5.1.3) lib/action_controller/metal/streaming.rb:217:in `_render_template'
  actionview (5.1.3) lib/action_view/rendering.rb:83:in `render_to_body'
  actionpack (5.1.3) lib/action_controller/metal/rendering.rb:52:in `render_to_body'
  actionpack (5.1.3) lib/action_controller/metal/renderers.rb:141:in `render_to_body'
  actionpack (5.1.3) lib/abstract_controller/rendering.rb:24:in `render'
  actionpack (5.1.3) lib/action_controller/metal/rendering.rb:36:in `render'
  actionpack (5.1.3) lib/action_controller/metal/instrumentation.rb:44:in `block (2 levels) in render'
  activesupport (5.1.3) lib/active_support/core_ext/benchmark.rb:12:in `block in ms'
  /Users/kduraisamy/.rvm/rubies/ruby-2.4.1/lib/ruby/2.4.0/benchmark.rb:308:in `realtime'
  activesupport (5.1.3) lib/active_support/core_ext/benchmark.rb:12:in `ms'
  actionpack (5.1.3) lib/action_controller/metal/instrumentation.rb:44:in `block in render'
  actionpack (5.1.3) lib/action_controller/metal/instrumentation.rb:87:in `cleanup_view_runtime'
  activerecord (5.1.3) lib/active_record/railties/controller_runtime.rb:34:in `cleanup_view_runtime'
  actionpack (5.1.3) lib/action_controller/metal/instrumentation.rb:43:in `render'
  actionpack (5.1.3) lib/action_controller/metal/implicit_render.rb:33:in `default_render'
  actionpack (5.1.3) lib/action_controller/metal/basic_implicit_render.rb:4:in `block in send_action'
  actionpack (5.1.3) lib/action_controller/metal/basic_implicit_render.rb:4:in `tap'
  actionpack (5.1.3) lib/action_controller/metal/basic_implicit_render.rb:4:in `send_action'
  actionpack (5.1.3) lib/abstract_controller/base.rb:186:in `process_action'
  actionpack (5.1.3) lib/action_controller/metal/rendering.rb:30:in `process_action'
  actionpack (5.1.3) lib/abstract_controller/callbacks.rb:20:in `block in process_action'
  activesupport (5.1.3) lib/active_support/callbacks.rb:131:in `run_callbacks'
  actionpack (5.1.3) lib/abstract_controller/callbacks.rb:19:in `process_action'
  actionpack (5.1.3) lib/action_controller/metal/rescue.rb:20:in `process_action'
  actionpack (5.1.3) lib/action_controller/metal/instrumentation.rb:32:in `block in process_action'
  activesupport (5.1.3) lib/active_support/notifications.rb:166:in `block in instrument'
  activesupport (5.1.3) lib/active_support/notifications/instrumenter.rb:21:in `instrument'
  activesupport (5.1.3) lib/active_support/notifications.rb:166:in `instrument'
  actionpack (5.1.3) lib/action_controller/metal/instrumentation.rb:30:in `process_action'
  actionpack (5.1.3) lib/action_controller/metal/params_wrapper.rb:252:in `process_action'
  activerecord (5.1.3) lib/active_record/railties/controller_runtime.rb:22:in `process_action'
  actionpack (5.1.3) lib/abstract_controller/base.rb:124:in `process'
  actionview (5.1.3) lib/action_view/rendering.rb:30:in `process'
  actionpack (5.1.3) lib/action_controller/metal.rb:189:in `dispatch'
  actionpack (5.1.3) lib/action_controller/metal.rb:253:in `dispatch'
  actionpack (5.1.3) lib/action_dispatch/routing/route_set.rb:49:in `dispatch'
  actionpack (5.1.3) lib/action_dispatch/routing/route_set.rb:31:in `serve'
  actionpack (5.1.3) lib/action_dispatch/journey/router.rb:46:in `block in serve'
  actionpack (5.1.3) lib/action_dispatch/journey/router.rb:33:in `each'
  actionpack (5.1.3) lib/action_dispatch/journey/router.rb:33:in `serve'
  actionpack (5.1.3) lib/action_dispatch/routing/route_set.rb:834:in `call'
  meta_request (0.4.3) lib/meta_request/middlewares/app_request_handler.rb:13:in `call'
  meta_request (0.4.3) lib/meta_request/middlewares/meta_request_handler.rb:13:in `call'
  rack (2.0.3) lib/rack/etag.rb:25:in `call'
  rack (2.0.3) lib/rack/conditional_get.rb:25:in `call'
  rack (2.0.3) lib/rack/head.rb:12:in `call'
  rack (2.0.3) lib/rack/session/abstract/id.rb:232:in `context'
  rack (2.0.3) lib/rack/session/abstract/id.rb:226:in `call'
  actionpack (5.1.3) lib/action_dispatch/middleware/cookies.rb:613:in `call'
  activerecord (5.1.3) lib/active_record/migration.rb:556:in `call'
  actionpack (5.1.3) lib/action_dispatch/middleware/callbacks.rb:26:in `block in call'
  activesupport (5.1.3) lib/active_support/callbacks.rb:97:in `run_callbacks'
  actionpack (5.1.3) lib/action_dispatch/middleware/callbacks.rb:24:in `call'
  actionpack (5.1.3) lib/action_dispatch/middleware/executor.rb:12:in `call'
  better_errors (2.3.0) lib/better_errors/middleware.rb:84:in `protected_app_call'
  better_errors (2.3.0) lib/better_errors/middleware.rb:79:in `better_errors_call'
  better_errors (2.3.0) lib/better_errors/middleware.rb:57:in `call'
  actionpack (5.1.3) lib/action_dispatch/middleware/debug_exceptions.rb:59:in `call'
  rack-contrib (1.2.0) lib/rack/contrib/response_headers.rb:17:in `call'
  meta_request (0.4.3) lib/meta_request/middlewares/headers.rb:16:in `call'
  web-console (3.5.1) lib/web_console/middleware.rb:135:in `call_app'
  web-console (3.5.1) lib/web_console/middleware.rb:28:in `block in call'
  web-console (3.5.1) lib/web_console/middleware.rb:18:in `catch'
  web-console (3.5.1) lib/web_console/middleware.rb:18:in `call'
  actionpack (5.1.3) lib/action_dispatch/middleware/show_exceptions.rb:31:in `call'
  railties (5.1.3) lib/rails/rack/logger.rb:36:in `call_app'
  railties (5.1.3) lib/rails/rack/logger.rb:24:in `block in call'
  activesupport (5.1.3) lib/active_support/tagged_logging.rb:69:in `block in tagged'
  activesupport (5.1.3) lib/active_support/tagged_logging.rb:26:in `tagged'
  activesupport (5.1.3) lib/active_support/tagged_logging.rb:69:in `tagged'
  railties (5.1.3) lib/rails/rack/logger.rb:24:in `call'
  sprockets-rails (3.2.0) lib/sprockets/rails/quiet_assets.rb:13:in `call'
  actionpack (5.1.3) lib/action_dispatch/middleware/remote_ip.rb:79:in `call'
  actionpack (5.1.3) lib/action_dispatch/middleware/request_id.rb:25:in `call'
  rack (2.0.3) lib/rack/method_override.rb:22:in `call'
  rack (2.0.3) lib/rack/runtime.rb:22:in `call'
  activesupport (5.1.3) lib/active_support/cache/strategy/local_cache_middleware.rb:27:in `call'
  actionpack (5.1.3) lib/action_dispatch/middleware/executor.rb:12:in `call'
  actionpack (5.1.3) lib/action_dispatch/middleware/static.rb:125:in `call'
  rack (2.0.3) lib/rack/sendfile.rb:111:in `call'
  railties (5.1.3) lib/rails/engine.rb:522:in `call'
  puma (3.9.1) lib/puma/configuration.rb:224:in `call'
  puma (3.9.1) lib/puma/server.rb:602:in `handle_request'
  puma (3.9.1) lib/puma/server.rb:435:in `process_client'
  puma (3.9.1) lib/puma/server.rb:299:in `block in run'
  puma (3.9.1) lib/puma/thread_pool.rb:120:in `block in spawn_thread'

Started POST "/__better_errors/96a27d56f6d37219/variables" for 127.0.0.1 at 2017-08-16 17:41:15 +0530
Started GET "/" for 127.0.0.1 at 2017-08-16 17:42:53 +0530
Processing by HomeController#index as HTML
  Rendering home/index.html.haml within layouts/application
  Rendered home/index.html.haml within layouts/application (11.1ms)
Completed 500 Internal Server Error in 433ms



Sprockets::Rails::Helper::AssetNotFound - The asset "images/favicon.ico" is not present in the asset pipeline.:
  sprockets-rails (3.2.0) lib/sprockets/rails/helper.rb:83:in `compute_asset_path'
  actionview (5.1.3) lib/action_view/helpers/asset_url_helper.rb:198:in `asset_path'
  actionview (5.1.3) lib/action_view/helpers/asset_url_helper.rb:373:in `image_path'
  actionview (5.1.3) lib/action_view/helpers/asset_tag_helper.rb:194:in `favicon_link_tag'
  app/views/layouts/application.html.haml:14:in `_app_views_layouts_application_html_haml__2129200573878345760_70197177088960'
  actionview (5.1.3) lib/action_view/template.rb:157:in `block in render'
  activesupport (5.1.3) lib/active_support/notifications.rb:168:in `instrument'
  actionview (5.1.3) lib/action_view/template.rb:352:in `instrument_render_template'
  actionview (5.1.3) lib/action_view/template.rb:155:in `render'
  actionview (5.1.3) lib/action_view/renderer/template_renderer.rb:64:in `render_with_layout'
  actionview (5.1.3) lib/action_view/renderer/template_renderer.rb:50:in `render_template'
  actionview (5.1.3) lib/action_view/renderer/template_renderer.rb:14:in `render'
  actionview (5.1.3) lib/action_view/renderer/renderer.rb:42:in `render_template'
  actionview (5.1.3) lib/action_view/renderer/renderer.rb:23:in `render'
  actionview (5.1.3) lib/action_view/rendering.rb:103:in `_render_template'
  actionpack (5.1.3) lib/action_controller/metal/streaming.rb:217:in `_render_template'
  actionview (5.1.3) lib/action_view/rendering.rb:83:in `render_to_body'
  actionpack (5.1.3) lib/action_controller/metal/rendering.rb:52:in `render_to_body'
  actionpack (5.1.3) lib/action_controller/metal/renderers.rb:141:in `render_to_body'
  actionpack (5.1.3) lib/abstract_controller/rendering.rb:24:in `render'
  actionpack (5.1.3) lib/action_controller/metal/rendering.rb:36:in `render'
  actionpack (5.1.3) lib/action_controller/metal/instrumentation.rb:44:in `block (2 levels) in render'
  activesupport (5.1.3) lib/active_support/core_ext/benchmark.rb:12:in `block in ms'
  /Users/kduraisamy/.rvm/rubies/ruby-2.4.1/lib/ruby/2.4.0/benchmark.rb:308:in `realtime'
  activesupport (5.1.3) lib/active_support/core_ext/benchmark.rb:12:in `ms'
  actionpack (5.1.3) lib/action_controller/metal/instrumentation.rb:44:in `block in render'
  actionpack (5.1.3) lib/action_controller/metal/instrumentation.rb:87:in `cleanup_view_runtime'
  activerecord (5.1.3) lib/active_record/railties/controller_runtime.rb:34:in `cleanup_view_runtime'
  actionpack (5.1.3) lib/action_controller/metal/instrumentation.rb:43:in `render'
  actionpack (5.1.3) lib/action_controller/metal/implicit_render.rb:33:in `default_render'
  actionpack (5.1.3) lib/action_controller/metal/basic_implicit_render.rb:4:in `block in send_action'
  actionpack (5.1.3) lib/action_controller/metal/basic_implicit_render.rb:4:in `tap'
  actionpack (5.1.3) lib/action_controller/metal/basic_implicit_render.rb:4:in `send_action'
  actionpack (5.1.3) lib/abstract_controller/base.rb:186:in `process_action'
  actionpack (5.1.3) lib/action_controller/metal/rendering.rb:30:in `process_action'
  actionpack (5.1.3) lib/abstract_controller/callbacks.rb:20:in `block in process_action'
  activesupport (5.1.3) lib/active_support/callbacks.rb:131:in `run_callbacks'
  actionpack (5.1.3) lib/abstract_controller/callbacks.rb:19:in `process_action'
  actionpack (5.1.3) lib/action_controller/metal/rescue.rb:20:in `process_action'
  actionpack (5.1.3) lib/action_controller/metal/instrumentation.rb:32:in `block in process_action'
  activesupport (5.1.3) lib/active_support/notifications.rb:166:in `block in instrument'
  activesupport (5.1.3) lib/active_support/notifications/instrumenter.rb:21:in `instrument'
  activesupport (5.1.3) lib/active_support/notifications.rb:166:in `instrument'
  actionpack (5.1.3) lib/action_controller/metal/instrumentation.rb:30:in `process_action'
  actionpack (5.1.3) lib/action_controller/metal/params_wrapper.rb:252:in `process_action'
  activerecord (5.1.3) lib/active_record/railties/controller_runtime.rb:22:in `process_action'
  actionpack (5.1.3) lib/abstract_controller/base.rb:124:in `process'
  actionview (5.1.3) lib/action_view/rendering.rb:30:in `process'
  actionpack (5.1.3) lib/action_controller/metal.rb:189:in `dispatch'
  actionpack (5.1.3) lib/action_controller/metal.rb:253:in `dispatch'
  actionpack (5.1.3) lib/action_dispatch/routing/route_set.rb:49:in `dispatch'
  actionpack (5.1.3) lib/action_dispatch/routing/route_set.rb:31:in `serve'
  actionpack (5.1.3) lib/action_dispatch/journey/router.rb:46:in `block in serve'
  actionpack (5.1.3) lib/action_dispatch/journey/router.rb:33:in `each'
  actionpack (5.1.3) lib/action_dispatch/journey/router.rb:33:in `serve'
  actionpack (5.1.3) lib/action_dispatch/routing/route_set.rb:834:in `call'
  meta_request (0.4.3) lib/meta_request/middlewares/app_request_handler.rb:13:in `call'
  meta_request (0.4.3) lib/meta_request/middlewares/meta_request_handler.rb:13:in `call'
  rack (2.0.3) lib/rack/etag.rb:25:in `call'
  rack (2.0.3) lib/rack/conditional_get.rb:25:in `call'
  rack (2.0.3) lib/rack/head.rb:12:in `call'
  rack (2.0.3) lib/rack/session/abstract/id.rb:232:in `context'
  rack (2.0.3) lib/rack/session/abstract/id.rb:226:in `call'
  actionpack (5.1.3) lib/action_dispatch/middleware/cookies.rb:613:in `call'
  activerecord (5.1.3) lib/active_record/migration.rb:556:in `call'
  actionpack (5.1.3) lib/action_dispatch/middleware/callbacks.rb:26:in `block in call'
  activesupport (5.1.3) lib/active_support/callbacks.rb:97:in `run_callbacks'
  actionpack (5.1.3) lib/action_dispatch/middleware/callbacks.rb:24:in `call'
  actionpack (5.1.3) lib/action_dispatch/middleware/executor.rb:12:in `call'
  better_errors (2.3.0) lib/better_errors/middleware.rb:84:in `protected_app_call'
  better_errors (2.3.0) lib/better_errors/middleware.rb:79:in `better_errors_call'
  better_errors (2.3.0) lib/better_errors/middleware.rb:57:in `call'
  actionpack (5.1.3) lib/action_dispatch/middleware/debug_exceptions.rb:59:in `call'
  rack-contrib (1.2.0) lib/rack/contrib/response_headers.rb:17:in `call'
  meta_request (0.4.3) lib/meta_request/middlewares/headers.rb:16:in `call'
  web-console (3.5.1) lib/web_console/middleware.rb:135:in `call_app'
  web-console (3.5.1) lib/web_console/middleware.rb:28:in `block in call'
  web-console (3.5.1) lib/web_console/middleware.rb:18:in `catch'
  web-console (3.5.1) lib/web_console/middleware.rb:18:in `call'
  actionpack (5.1.3) lib/action_dispatch/middleware/show_exceptions.rb:31:in `call'
  railties (5.1.3) lib/rails/rack/logger.rb:36:in `call_app'
  railties (5.1.3) lib/rails/rack/logger.rb:24:in `block in call'
  activesupport (5.1.3) lib/active_support/tagged_logging.rb:69:in `block in tagged'
  activesupport (5.1.3) lib/active_support/tagged_logging.rb:26:in `tagged'
  activesupport (5.1.3) lib/active_support/tagged_logging.rb:69:in `tagged'
  railties (5.1.3) lib/rails/rack/logger.rb:24:in `call'
  sprockets-rails (3.2.0) lib/sprockets/rails/quiet_assets.rb:13:in `call'
  actionpack (5.1.3) lib/action_dispatch/middleware/remote_ip.rb:79:in `call'
  actionpack (5.1.3) lib/action_dispatch/middleware/request_id.rb:25:in `call'
  rack (2.0.3) lib/rack/method_override.rb:22:in `call'
  rack (2.0.3) lib/rack/runtime.rb:22:in `call'
  activesupport (5.1.3) lib/active_support/cache/strategy/local_cache_middleware.rb:27:in `call'
  actionpack (5.1.3) lib/action_dispatch/middleware/executor.rb:12:in `call'
  actionpack (5.1.3) lib/action_dispatch/middleware/static.rb:125:in `call'
  rack (2.0.3) lib/rack/sendfile.rb:111:in `call'
  railties (5.1.3) lib/rails/engine.rb:522:in `call'
  puma (3.9.1) lib/puma/configuration.rb:224:in `call'
  puma (3.9.1) lib/puma/server.rb:602:in `handle_request'
  puma (3.9.1) lib/puma/server.rb:435:in `process_client'
  puma (3.9.1) lib/puma/server.rb:299:in `block in run'
  puma (3.9.1) lib/puma/thread_pool.rb:120:in `block in spawn_thread'

Started POST "/__better_errors/63464bfa318afaf9/variables" for 127.0.0.1 at 2017-08-16 17:42:54 +0530
Started GET "/" for 127.0.0.1 at 2017-08-16 17:44:36 +0530
Processing by HomeController#index as HTML
  Rendering home/index.html.haml within layouts/application
  Rendered home/index.html.haml within layouts/application (7.2ms)
Completed 500 Internal Server Error in 573ms



Sprockets::Rails::Helper::AssetNotFound - The asset "images/favicon.ico" is not present in the asset pipeline.:
  sprockets-rails (3.2.0) lib/sprockets/rails/helper.rb:83:in `compute_asset_path'
  actionview (5.1.3) lib/action_view/helpers/asset_url_helper.rb:198:in `asset_path'
  actionview (5.1.3) lib/action_view/helpers/asset_url_helper.rb:373:in `image_path'
  actionview (5.1.3) lib/action_view/helpers/asset_tag_helper.rb:194:in `favicon_link_tag'
  app/views/layouts/application.html.haml:14:in `_app_views_layouts_application_html_haml___2699432526616679707_70229256069360'
  actionview (5.1.3) lib/action_view/template.rb:157:in `block in render'
  activesupport (5.1.3) lib/active_support/notifications.rb:168:in `instrument'
  actionview (5.1.3) lib/action_view/template.rb:352:in `instrument_render_template'
  actionview (5.1.3) lib/action_view/template.rb:155:in `render'
  actionview (5.1.3) lib/action_view/renderer/template_renderer.rb:64:in `render_with_layout'
  actionview (5.1.3) lib/action_view/renderer/template_renderer.rb:50:in `render_template'
  actionview (5.1.3) lib/action_view/renderer/template_renderer.rb:14:in `render'
  actionview (5.1.3) lib/action_view/renderer/renderer.rb:42:in `render_template'
  actionview (5.1.3) lib/action_view/renderer/renderer.rb:23:in `render'
  actionview (5.1.3) lib/action_view/rendering.rb:103:in `_render_template'
  actionpack (5.1.3) lib/action_controller/metal/streaming.rb:217:in `_render_template'
  actionview (5.1.3) lib/action_view/rendering.rb:83:in `render_to_body'
  actionpack (5.1.3) lib/action_controller/metal/rendering.rb:52:in `render_to_body'
  actionpack (5.1.3) lib/action_controller/metal/renderers.rb:141:in `render_to_body'
  actionpack (5.1.3) lib/abstract_controller/rendering.rb:24:in `render'
  actionpack (5.1.3) lib/action_controller/metal/rendering.rb:36:in `render'
  actionpack (5.1.3) lib/action_controller/metal/instrumentation.rb:44:in `block (2 levels) in render'
  activesupport (5.1.3) lib/active_support/core_ext/benchmark.rb:12:in `block in ms'
  /Users/kduraisamy/.rvm/rubies/ruby-2.4.1/lib/ruby/2.4.0/benchmark.rb:308:in `realtime'
  activesupport (5.1.3) lib/active_support/core_ext/benchmark.rb:12:in `ms'
  actionpack (5.1.3) lib/action_controller/metal/instrumentation.rb:44:in `block in render'
  actionpack (5.1.3) lib/action_controller/metal/instrumentation.rb:87:in `cleanup_view_runtime'
  activerecord (5.1.3) lib/active_record/railties/controller_runtime.rb:34:in `cleanup_view_runtime'
  actionpack (5.1.3) lib/action_controller/metal/instrumentation.rb:43:in `render'
  actionpack (5.1.3) lib/action_controller/metal/implicit_render.rb:33:in `default_render'
  actionpack (5.1.3) lib/action_controller/metal/basic_implicit_render.rb:4:in `block in send_action'
  actionpack (5.1.3) lib/action_controller/metal/basic_implicit_render.rb:4:in `tap'
  actionpack (5.1.3) lib/action_controller/metal/basic_implicit_render.rb:4:in `send_action'
  actionpack (5.1.3) lib/abstract_controller/base.rb:186:in `process_action'
  actionpack (5.1.3) lib/action_controller/metal/rendering.rb:30:in `process_action'
  actionpack (5.1.3) lib/abstract_controller/callbacks.rb:20:in `block in process_action'
  activesupport (5.1.3) lib/active_support/callbacks.rb:131:in `run_callbacks'
  actionpack (5.1.3) lib/abstract_controller/callbacks.rb:19:in `process_action'
  actionpack (5.1.3) lib/action_controller/metal/rescue.rb:20:in `process_action'
  actionpack (5.1.3) lib/action_controller/metal/instrumentation.rb:32:in `block in process_action'
  activesupport (5.1.3) lib/active_support/notifications.rb:166:in `block in instrument'
  activesupport (5.1.3) lib/active_support/notifications/instrumenter.rb:21:in `instrument'
  activesupport (5.1.3) lib/active_support/notifications.rb:166:in `instrument'
  actionpack (5.1.3) lib/action_controller/metal/instrumentation.rb:30:in `process_action'
  actionpack (5.1.3) lib/action_controller/metal/params_wrapper.rb:252:in `process_action'
  activerecord (5.1.3) lib/active_record/railties/controller_runtime.rb:22:in `process_action'
  actionpack (5.1.3) lib/abstract_controller/base.rb:124:in `process'
  actionview (5.1.3) lib/action_view/rendering.rb:30:in `process'
  actionpack (5.1.3) lib/action_controller/metal.rb:189:in `dispatch'
  actionpack (5.1.3) lib/action_controller/metal.rb:253:in `dispatch'
  actionpack (5.1.3) lib/action_dispatch/routing/route_set.rb:49:in `dispatch'
  actionpack (5.1.3) lib/action_dispatch/routing/route_set.rb:31:in `serve'
  actionpack (5.1.3) lib/action_dispatch/journey/router.rb:46:in `block in serve'
  actionpack (5.1.3) lib/action_dispatch/journey/router.rb:33:in `each'
  actionpack (5.1.3) lib/action_dispatch/journey/router.rb:33:in `serve'
  actionpack (5.1.3) lib/action_dispatch/routing/route_set.rb:834:in `call'
  meta_request (0.4.3) lib/meta_request/middlewares/app_request_handler.rb:13:in `call'
  meta_request (0.4.3) lib/meta_request/middlewares/meta_request_handler.rb:13:in `call'
  rack (2.0.3) lib/rack/etag.rb:25:in `call'
  rack (2.0.3) lib/rack/conditional_get.rb:25:in `call'
  rack (2.0.3) lib/rack/head.rb:12:in `call'
  rack (2.0.3) lib/rack/session/abstract/id.rb:232:in `context'
  rack (2.0.3) lib/rack/session/abstract/id.rb:226:in `call'
  actionpack (5.1.3) lib/action_dispatch/middleware/cookies.rb:613:in `call'
  activerecord (5.1.3) lib/active_record/migration.rb:556:in `call'
  actionpack (5.1.3) lib/action_dispatch/middleware/callbacks.rb:26:in `block in call'
  activesupport (5.1.3) lib/active_support/callbacks.rb:97:in `run_callbacks'
  actionpack (5.1.3) lib/action_dispatch/middleware/callbacks.rb:24:in `call'
  actionpack (5.1.3) lib/action_dispatch/middleware/executor.rb:12:in `call'
  better_errors (2.3.0) lib/better_errors/middleware.rb:84:in `protected_app_call'
  better_errors (2.3.0) lib/better_errors/middleware.rb:79:in `better_errors_call'
  better_errors (2.3.0) lib/better_errors/middleware.rb:57:in `call'
  actionpack (5.1.3) lib/action_dispatch/middleware/debug_exceptions.rb:59:in `call'
  rack-contrib (1.2.0) lib/rack/contrib/response_headers.rb:17:in `call'
  meta_request (0.4.3) lib/meta_request/middlewares/headers.rb:16:in `call'
  web-console (3.5.1) lib/web_console/middleware.rb:135:in `call_app'
  web-console (3.5.1) lib/web_console/middleware.rb:28:in `block in call'
  web-console (3.5.1) lib/web_console/middleware.rb:18:in `catch'
  web-console (3.5.1) lib/web_console/middleware.rb:18:in `call'
  actionpack (5.1.3) lib/action_dispatch/middleware/show_exceptions.rb:31:in `call'
  railties (5.1.3) lib/rails/rack/logger.rb:36:in `call_app'
  railties (5.1.3) lib/rails/rack/logger.rb:24:in `block in call'
  activesupport (5.1.3) lib/active_support/tagged_logging.rb:69:in `block in tagged'
  activesupport (5.1.3) lib/active_support/tagged_logging.rb:26:in `tagged'
  activesupport (5.1.3) lib/active_support/tagged_logging.rb:69:in `tagged'
  railties (5.1.3) lib/rails/rack/logger.rb:24:in `call'
  sprockets-rails (3.2.0) lib/sprockets/rails/quiet_assets.rb:13:in `call'
  actionpack (5.1.3) lib/action_dispatch/middleware/remote_ip.rb:79:in `call'
  actionpack (5.1.3) lib/action_dispatch/middleware/request_id.rb:25:in `call'
  rack (2.0.3) lib/rack/method_override.rb:22:in `call'
  rack (2.0.3) lib/rack/runtime.rb:22:in `call'
  activesupport (5.1.3) lib/active_support/cache/strategy/local_cache_middleware.rb:27:in `call'
  actionpack (5.1.3) lib/action_dispatch/middleware/executor.rb:12:in `call'
  actionpack (5.1.3) lib/action_dispatch/middleware/static.rb:125:in `call'
  rack (2.0.3) lib/rack/sendfile.rb:111:in `call'
  railties (5.1.3) lib/rails/engine.rb:522:in `call'
  puma (3.9.1) lib/puma/configuration.rb:224:in `call'
  puma (3.9.1) lib/puma/server.rb:602:in `handle_request'
  puma (3.9.1) lib/puma/server.rb:435:in `process_client'
  puma (3.9.1) lib/puma/server.rb:299:in `block in run'
  puma (3.9.1) lib/puma/thread_pool.rb:120:in `block in spawn_thread'

Started POST "/__better_errors/22c391eadb8e740f/variables" for 127.0.0.1 at 2017-08-16 17:44:37 +0530
Started GET "/" for 127.0.0.1 at 2017-08-16 17:46:11 +0530
Processing by HomeController#index as HTML
  Rendering home/index.html.haml within layouts/application
  Rendered home/index.html.haml within layouts/application (5.4ms)
Completed 500 Internal Server Error in 832ms



NameError - undefined local variable or method `trips_path' for #<#<Class:0x007fb356dc1a20>:0x007fb35cd77dc0>:
  app/views/layouts/application.html.haml:26:in `_app_views_layouts_application_html_haml___2940505982056013241_70204166779420'
  actionview (5.1.3) lib/action_view/template.rb:157:in `block in render'
  activesupport (5.1.3) lib/active_support/notifications.rb:168:in `instrument'
  actionview (5.1.3) lib/action_view/template.rb:352:in `instrument_render_template'
  actionview (5.1.3) lib/action_view/template.rb:155:in `render'
  actionview (5.1.3) lib/action_view/renderer/template_renderer.rb:64:in `render_with_layout'
  actionview (5.1.3) lib/action_view/renderer/template_renderer.rb:50:in `render_template'
  actionview (5.1.3) lib/action_view/renderer/template_renderer.rb:14:in `render'
  actionview (5.1.3) lib/action_view/renderer/renderer.rb:42:in `render_template'
  actionview (5.1.3) lib/action_view/renderer/renderer.rb:23:in `render'
  actionview (5.1.3) lib/action_view/rendering.rb:103:in `_render_template'
  actionpack (5.1.3) lib/action_controller/metal/streaming.rb:217:in `_render_template'
  actionview (5.1.3) lib/action_view/rendering.rb:83:in `render_to_body'
  actionpack (5.1.3) lib/action_controller/metal/rendering.rb:52:in `render_to_body'
  actionpack (5.1.3) lib/action_controller/metal/renderers.rb:141:in `render_to_body'
  actionpack (5.1.3) lib/abstract_controller/rendering.rb:24:in `render'
  actionpack (5.1.3) lib/action_controller/metal/rendering.rb:36:in `render'
  actionpack (5.1.3) lib/action_controller/metal/instrumentation.rb:44:in `block (2 levels) in render'
  activesupport (5.1.3) lib/active_support/core_ext/benchmark.rb:12:in `block in ms'
  /Users/kduraisamy/.rvm/rubies/ruby-2.4.1/lib/ruby/2.4.0/benchmark.rb:308:in `realtime'
  activesupport (5.1.3) lib/active_support/core_ext/benchmark.rb:12:in `ms'
  actionpack (5.1.3) lib/action_controller/metal/instrumentation.rb:44:in `block in render'
  actionpack (5.1.3) lib/action_controller/metal/instrumentation.rb:87:in `cleanup_view_runtime'
  activerecord (5.1.3) lib/active_record/railties/controller_runtime.rb:34:in `cleanup_view_runtime'
  actionpack (5.1.3) lib/action_controller/metal/instrumentation.rb:43:in `render'
  actionpack (5.1.3) lib/action_controller/metal/implicit_render.rb:33:in `default_render'
  actionpack (5.1.3) lib/action_controller/metal/basic_implicit_render.rb:4:in `block in send_action'
  actionpack (5.1.3) lib/action_controller/metal/basic_implicit_render.rb:4:in `tap'
  actionpack (5.1.3) lib/action_controller/metal/basic_implicit_render.rb:4:in `send_action'
  actionpack (5.1.3) lib/abstract_controller/base.rb:186:in `process_action'
  actionpack (5.1.3) lib/action_controller/metal/rendering.rb:30:in `process_action'
  actionpack (5.1.3) lib/abstract_controller/callbacks.rb:20:in `block in process_action'
  activesupport (5.1.3) lib/active_support/callbacks.rb:131:in `run_callbacks'
  actionpack (5.1.3) lib/abstract_controller/callbacks.rb:19:in `process_action'
  actionpack (5.1.3) lib/action_controller/metal/rescue.rb:20:in `process_action'
  actionpack (5.1.3) lib/action_controller/metal/instrumentation.rb:32:in `block in process_action'
  activesupport (5.1.3) lib/active_support/notifications.rb:166:in `block in instrument'
  activesupport (5.1.3) lib/active_support/notifications/instrumenter.rb:21:in `instrument'
  activesupport (5.1.3) lib/active_support/notifications.rb:166:in `instrument'
  actionpack (5.1.3) lib/action_controller/metal/instrumentation.rb:30:in `process_action'
  actionpack (5.1.3) lib/action_controller/metal/params_wrapper.rb:252:in `process_action'
  activerecord (5.1.3) lib/active_record/railties/controller_runtime.rb:22:in `process_action'
  actionpack (5.1.3) lib/abstract_controller/base.rb:124:in `process'
  actionview (5.1.3) lib/action_view/rendering.rb:30:in `process'
  actionpack (5.1.3) lib/action_controller/metal.rb:189:in `dispatch'
  actionpack (5.1.3) lib/action_controller/metal.rb:253:in `dispatch'
  actionpack (5.1.3) lib/action_dispatch/routing/route_set.rb:49:in `dispatch'
  actionpack (5.1.3) lib/action_dispatch/routing/route_set.rb:31:in `serve'
  actionpack (5.1.3) lib/action_dispatch/journey/router.rb:46:in `block in serve'
  actionpack (5.1.3) lib/action_dispatch/journey/router.rb:33:in `each'
  actionpack (5.1.3) lib/action_dispatch/journey/router.rb:33:in `serve'
  actionpack (5.1.3) lib/action_dispatch/routing/route_set.rb:834:in `call'
  meta_request (0.4.3) lib/meta_request/middlewares/app_request_handler.rb:13:in `call'
  meta_request (0.4.3) lib/meta_request/middlewares/meta_request_handler.rb:13:in `call'
  rack (2.0.3) lib/rack/etag.rb:25:in `call'
  rack (2.0.3) lib/rack/conditional_get.rb:25:in `call'
  rack (2.0.3) lib/rack/head.rb:12:in `call'
  rack (2.0.3) lib/rack/session/abstract/id.rb:232:in `context'
  rack (2.0.3) lib/rack/session/abstract/id.rb:226:in `call'
  actionpack (5.1.3) lib/action_dispatch/middleware/cookies.rb:613:in `call'
  activerecord (5.1.3) lib/active_record/migration.rb:556:in `call'
  actionpack (5.1.3) lib/action_dispatch/middleware/callbacks.rb:26:in `block in call'
  activesupport (5.1.3) lib/active_support/callbacks.rb:97:in `run_callbacks'
  actionpack (5.1.3) lib/action_dispatch/middleware/callbacks.rb:24:in `call'
  actionpack (5.1.3) lib/action_dispatch/middleware/executor.rb:12:in `call'
  better_errors (2.3.0) lib/better_errors/middleware.rb:84:in `protected_app_call'
  better_errors (2.3.0) lib/better_errors/middleware.rb:79:in `better_errors_call'
  better_errors (2.3.0) lib/better_errors/middleware.rb:57:in `call'
  actionpack (5.1.3) lib/action_dispatch/middleware/debug_exceptions.rb:59:in `call'
  rack-contrib (1.2.0) lib/rack/contrib/response_headers.rb:17:in `call'
  meta_request (0.4.3) lib/meta_request/middlewares/headers.rb:16:in `call'
  web-console (3.5.1) lib/web_console/middleware.rb:135:in `call_app'
  web-console (3.5.1) lib/web_console/middleware.rb:28:in `block in call'
  web-console (3.5.1) lib/web_console/middleware.rb:18:in `catch'
  web-console (3.5.1) lib/web_console/middleware.rb:18:in `call'
  actionpack (5.1.3) lib/action_dispatch/middleware/show_exceptions.rb:31:in `call'
  railties (5.1.3) lib/rails/rack/logger.rb:36:in `call_app'
  railties (5.1.3) lib/rails/rack/logger.rb:24:in `block in call'
  activesupport (5.1.3) lib/active_support/tagged_logging.rb:69:in `block in tagged'
  activesupport (5.1.3) lib/active_support/tagged_logging.rb:26:in `tagged'
  activesupport (5.1.3) lib/active_support/tagged_logging.rb:69:in `tagged'
  railties (5.1.3) lib/rails/rack/logger.rb:24:in `call'
  sprockets-rails (3.2.0) lib/sprockets/rails/quiet_assets.rb:13:in `call'
  actionpack (5.1.3) lib/action_dispatch/middleware/remote_ip.rb:79:in `call'
  actionpack (5.1.3) lib/action_dispatch/middleware/request_id.rb:25:in `call'
  rack (2.0.3) lib/rack/method_override.rb:22:in `call'
  rack (2.0.3) lib/rack/runtime.rb:22:in `call'
  activesupport (5.1.3) lib/active_support/cache/strategy/local_cache_middleware.rb:27:in `call'
  actionpack (5.1.3) lib/action_dispatch/middleware/executor.rb:12:in `call'
  actionpack (5.1.3) lib/action_dispatch/middleware/static.rb:125:in `call'
  rack (2.0.3) lib/rack/sendfile.rb:111:in `call'
  railties (5.1.3) lib/rails/engine.rb:522:in `call'
  puma (3.9.1) lib/puma/configuration.rb:224:in `call'
  puma (3.9.1) lib/puma/server.rb:602:in `handle_request'
  puma (3.9.1) lib/puma/server.rb:435:in `process_client'
  puma (3.9.1) lib/puma/server.rb:299:in `block in run'
  puma (3.9.1) lib/puma/thread_pool.rb:120:in `block in spawn_thread'

Started POST "/__better_errors/e6bd0a621775e6ef/variables" for 127.0.0.1 at 2017-08-16 17:46:12 +0530
Started GET "/" for 127.0.0.1 at 2017-08-16 17:46:35 +0530
Processing by HomeController#index as HTML
  Rendering home/index.html.haml within layouts/application
  Rendered home/index.html.haml within layouts/application (2.6ms)
Completed 200 OK in 212ms (Views: 210.4ms)


Started GET "/" for 127.0.0.1 at 2017-08-16 17:48:58 +0530
Processing by HomeController#index as HTML
  Rendering home/index.html.haml within layouts/application
  Rendered home/index.html.haml within layouts/application (1.4ms)
Completed 200 OK in 67ms (Views: 65.4ms)


Started GET "/" for 127.0.0.1 at 2017-08-16 17:50:56 +0530
Processing by HomeController#index as HTML
  Rendering home/index.html.haml within layouts/application
  Rendered home/index.html.haml within layouts/application (1.5ms)
Completed 200 OK in 61ms (Views: 59.4ms)


Started GET "/" for 127.0.0.1 at 2017-08-16 17:50:59 +0530
Processing by HomeController#index as HTML
  Rendering home/index.html.haml within layouts/application
  Rendered home/index.html.haml within layouts/application (1.7ms)
Completed 200 OK in 60ms (Views: 58.6ms)


Started GET "/" for 127.0.0.1 at 2017-08-16 17:58:54 +0530
Processing by HomeController#index as HTML
  Rendering home/index.html.haml within layouts/application
  Rendered home/index.html.haml within layouts/application (20.6ms)
Completed 200 OK in 474ms (Views: 280.1ms)


Started GET "/" for 127.0.0.1 at 2017-08-16 17:59:04 +0530
Processing by HomeController#index as HTML
  Rendering home/index.html.haml within layouts/application
  Rendered home/index.html.haml within layouts/application (1.6ms)
Completed 200 OK in 64ms (Views: 62.2ms)


Started GET "/" for 127.0.0.1 at 2017-08-16 18:00:11 +0530
Processing by HomeController#index as HTML
  Rendering home/index.html.haml within layouts/application
  Rendered home/index.html.haml within layouts/application (1.5ms)
Completed 200 OK in 84ms (Views: 81.7ms)


Started GET "/" for 127.0.0.1 at 2017-08-16 18:00:12 +0530
Processing by HomeController#index as HTML
  Rendering home/index.html.haml within layouts/application
  Rendered home/index.html.haml within layouts/application (1.6ms)
Completed 200 OK in 88ms (Views: 84.9ms)


Started GET "/" for 127.0.0.1 at 2017-08-16 18:00:12 +0530
Processing by HomeController#index as HTML
  Rendering home/index.html.haml within layouts/application
  Rendered home/index.html.haml within layouts/application (1.9ms)
Completed 200 OK in 83ms (Views: 81.3ms)


Started GET "/" for 127.0.0.1 at 2017-08-16 18:00:13 +0530
Processing by HomeController#index as HTML
  Rendering home/index.html.haml within layouts/application
  Rendered home/index.html.haml within layouts/application (3.0ms)
Completed 200 OK in 86ms (Views: 83.9ms)


Started GET "/" for 127.0.0.1 at 2017-08-16 18:00:13 +0530
Processing by HomeController#index as HTML
  Rendering home/index.html.haml within layouts/application
  Rendered home/index.html.haml within layouts/application (2.3ms)
Completed 200 OK in 75ms (Views: 72.8ms)


Started GET "/" for 127.0.0.1 at 2017-08-16 18:03:41 +0530
Processing by HomeController#index as HTML
  Rendering home/index.html.haml within layouts/application
  Rendered home/index.html.haml within layouts/application (19.4ms)
Completed 200 OK in 450ms (Views: 308.6ms)


Started GET "/" for 127.0.0.1 at 2017-08-16 18:03:44 +0530
Processing by HomeController#index as HTML
  Rendering home/index.html.haml within layouts/application
  Rendered home/index.html.haml within layouts/application (1.4ms)
Completed 200 OK in 49ms (Views: 47.6ms)


Started GET "/" for 127.0.0.1 at 2017-08-16 18:06:37 +0530
Processing by HomeController#index as HTML
  Rendering home/index.html.haml within layouts/application
  Rendered home/index.html.haml within layouts/application (18.0ms)
Completed 200 OK in 408ms (Views: 269.5ms)


Started GET "/" for 127.0.0.1 at 2017-08-16 18:06:53 +0530
Processing by HomeController#index as HTML
  Rendering home/index.html.haml within layouts/application
  Rendered home/index.html.haml within layouts/application (1.4ms)
Completed 200 OK in 46ms (Views: 44.0ms)


Started GET "/" for 127.0.0.1 at 2017-08-16 18:07:01 +0530
Processing by HomeController#index as HTML
  Rendering home/index.html.haml within layouts/application
  Rendered home/index.html.haml within layouts/application (1.4ms)
Completed 200 OK in 48ms (Views: 46.4ms)


Started GET "/" for 127.0.0.1 at 2017-08-16 18:07:06 +0530
Processing by HomeController#index as HTML
  Rendering home/index.html.haml within layouts/application
  Rendered home/index.html.haml within layouts/application (1.8ms)
Completed 200 OK in 72ms (Views: 70.4ms)


Started GET "/" for 127.0.0.1 at 2017-08-16 18:07:09 +0530
Processing by HomeController#index as HTML
  Rendering home/index.html.haml within layouts/application
  Rendered home/index.html.haml within layouts/application (2.5ms)
Completed 200 OK in 60ms (Views: 58.4ms)


Started GET "/" for 127.0.0.1 at 2017-08-16 18:07:10 +0530
Processing by HomeController#index as HTML
  Rendering home/index.html.haml within layouts/application
  Rendered home/index.html.haml within layouts/application (2.2ms)
Completed 200 OK in 72ms (Views: 69.9ms)


Started GET "/" for 127.0.0.1 at 2017-08-16 18:07:10 +0530
Processing by HomeController#index as HTML
  Rendering home/index.html.haml within layouts/application
  Rendered home/index.html.haml within layouts/application (3.0ms)
Completed 200 OK in 97ms (Views: 94.6ms)


Started GET "/" for 127.0.0.1 at 2017-08-16 18:07:11 +0530
Processing by HomeController#index as HTML
  Rendering home/index.html.haml within layouts/application
  Rendered home/index.html.haml within layouts/application (2.2ms)
Completed 200 OK in 65ms (Views: 63.0ms)


Started GET "/" for 127.0.0.1 at 2017-08-16 18:08:08 +0530
Processing by HomeController#index as HTML
  Rendering home/index.html.haml within layouts/application
  Rendered home/index.html.haml within layouts/application (1.3ms)
Completed 200 OK in 50ms (Views: 48.6ms)


Started GET "/" for 127.0.0.1 at 2017-08-16 18:08:30 +0530
Processing by HomeController#index as HTML
  Rendering home/index.html.haml within layouts/application
  Rendered home/index.html.haml within layouts/application (1.4ms)
Completed 200 OK in 50ms (Views: 48.9ms)


Started GET "/" for 127.0.0.1 at 2017-08-16 18:09:07 +0530
Processing by HomeController#index as HTML
  Rendering home/index.html.haml within layouts/application
  Rendered home/index.html.haml within layouts/application (1.9ms)
Completed 200 OK in 57ms (Views: 55.2ms)


Started GET "/" for 127.0.0.1 at 2017-08-16 18:09:14 +0530
Processing by HomeController#index as HTML
  Rendering home/index.html.haml within layouts/application
  Rendered home/index.html.haml within layouts/application (1.3ms)
Completed 200 OK in 49ms (Views: 47.1ms)


Started GET "/" for 127.0.0.1 at 2017-08-16 18:09:23 +0530
Processing by HomeController#index as HTML
  Rendering home/index.html.haml within layouts/application
  Rendered home/index.html.haml within layouts/application (1.4ms)
Completed 200 OK in 48ms (Views: 46.3ms)


Started GET "/" for 127.0.0.1 at 2017-08-16 18:09:32 +0530
Processing by HomeController#index as HTML
  Rendering home/index.html.haml within layouts/application
  Rendered home/index.html.haml within layouts/application (1.3ms)
Completed 200 OK in 58ms (Views: 56.3ms)


